mode: set
lurus-switch/internal/proxydetect/env.go:18.38,22.35 3 1
lurus-switch/internal/proxydetect/env.go:22.35,24.16 2 1
lurus-switch/internal/proxydetect/env.go:24.16,25.12 1 1
lurus-switch/internal/proxydetect/env.go:27.3,28.25 2 1
lurus-switch/internal/proxydetect/env.go:28.25,29.12 1 1
lurus-switch/internal/proxydetect/env.go:31.3,32.31 2 1
lurus-switch/internal/proxydetect/env.go:34.2,34.16 1 1
lurus-switch/internal/proxydetect/env.go:38.62,40.15 2 1
lurus-switch/internal/proxydetect/env.go:40.15,42.3 1 1
lurus-switch/internal/proxydetect/env.go:45.2,45.35 1 1
lurus-switch/internal/proxydetect/env.go:45.35,47.3 1 1
lurus-switch/internal/proxydetect/env.go:49.2,50.38 2 1
lurus-switch/internal/proxydetect/env.go:50.38,52.3 1 1
lurus-switch/internal/proxydetect/env.go:54.2,56.19 3 1
lurus-switch/internal/proxydetect/env.go:56.19,58.3 1 1
lurus-switch/internal/proxydetect/env.go:59.2,60.45 2 1
lurus-switch/internal/proxydetect/env.go:60.45,62.3 1 0
lurus-switch/internal/proxydetect/env.go:64.2,66.68 3 1
lurus-switch/internal/proxydetect/env.go:66.68,68.3 1 1
lurus-switch/internal/proxydetect/env.go:71.2,72.68 2 1
lurus-switch/internal/proxydetect/env.go:72.68,74.3 1 1
lurus-switch/internal/proxydetect/env.go:76.2,82.9 1 1
lurus-switch/internal/proxydetect/ports.go:29.42,38.33 4 1
lurus-switch/internal/proxydetect/ports.go:38.33,40.35 2 1
lurus-switch/internal/proxydetect/ports.go:40.35,44.18 4 1
lurus-switch/internal/proxydetect/ports.go:44.18,47.5 2 1
lurus-switch/internal/proxydetect/ports.go:48.4,51.26 3 1
lurus-switch/internal/proxydetect/ports.go:51.26,53.5 1 0
lurus-switch/internal/proxydetect/ports.go:54.4,60.6 1 1
lurus-switch/internal/proxydetect/ports.go:65.2,65.12 1 1
lurus-switch/internal/proxydetect/ports.go:65.12,68.3 2 1
lurus-switch/internal/proxydetect/ports.go:71.2,72.20 2 1
lurus-switch/internal/proxydetect/ports.go:72.20,74.3 1 1
lurus-switch/internal/proxydetect/ports.go:76.2,77.28 2 1
lurus-switch/internal/proxydetect/ports.go:77.28,78.15 1 1
lurus-switch/internal/proxydetect/ports.go:78.15,80.4 1 1
lurus-switch/internal/proxydetect/ports.go:82.2,82.16 1 1
lurus-switch/internal/proxydetect/proxydetect.go:13.34,17.39 3 1
lurus-switch/internal/proxydetect/proxydetect.go:17.39,18.29 1 1
lurus-switch/internal/proxydetect/proxydetect.go:18.29,19.20 1 1
lurus-switch/internal/proxydetect/proxydetect.go:19.20,22.5 2 1
lurus-switch/internal/proxydetect/proxydetect.go:26.2,30.16 4 1
lurus-switch/internal/proxydetect/system_windows.go:17.42,19.16 2 1
lurus-switch/internal/proxydetect/system_windows.go:19.16,21.3 1 0
lurus-switch/internal/proxydetect/system_windows.go:22.2,25.32 3 1
lurus-switch/internal/proxydetect/system_windows.go:25.32,27.3 1 0
lurus-switch/internal/proxydetect/system_windows.go:29.2,30.32 2 1
lurus-switch/internal/proxydetect/system_windows.go:30.32,32.3 1 0
lurus-switch/internal/proxydetect/system_windows.go:34.2,34.40 1 1
lurus-switch/internal/proxydetect/system_windows.go:39.61,41.18 2 1
lurus-switch/internal/proxydetect/system_windows.go:41.18,43.3 1 0
lurus-switch/internal/proxydetect/system_windows.go:45.2,49.35 3 1
lurus-switch/internal/proxydetect/system_windows.go:49.35,51.30 2 0
lurus-switch/internal/proxydetect/system_windows.go:51.30,53.18 2 0
lurus-switch/internal/proxydetect/system_windows.go:53.18,54.13 1 0
lurus-switch/internal/proxydetect/system_windows.go:56.4,57.17 2 0
lurus-switch/internal/proxydetect/system_windows.go:57.17,58.13 1 0
lurus-switch/internal/proxydetect/system_windows.go:60.4,64.45 4 0
lurus-switch/internal/proxydetect/system_windows.go:64.45,66.5 1 0
lurus-switch/internal/proxydetect/system_windows.go:68.4,70.26 3 0
lurus-switch/internal/proxydetect/system_windows.go:70.26,73.5 2 0
lurus-switch/internal/proxydetect/system_windows.go:75.3,75.17 1 0
lurus-switch/internal/proxydetect/system_windows.go:79.2,81.8 3 1
lurus-switch/internal/proxydetect/system_windows.go:81.8,83.3 1 1
lurus-switch/internal/proxydetect/system_windows.go:84.2,84.16 1 1
lurus-switch/internal/billing/client.go:28.59,35.2 1 1
lurus-switch/internal/billing/client.go:38.70,40.65 2 1
lurus-switch/internal/billing/client.go:40.65,42.3 1 1
lurus-switch/internal/billing/client.go:43.2,43.19 1 1
lurus-switch/internal/billing/client.go:47.78,49.16 2 1
lurus-switch/internal/billing/client.go:49.16,51.3 1 0
lurus-switch/internal/billing/client.go:52.2,59.8 1 1
lurus-switch/internal/billing/client.go:63.72,65.71 2 1
lurus-switch/internal/billing/client.go:65.71,67.3 1 0
lurus-switch/internal/billing/client.go:68.2,68.19 1 1
lurus-switch/internal/billing/client.go:72.76,74.75 2 1
lurus-switch/internal/billing/client.go:74.75,76.3 1 0
lurus-switch/internal/billing/client.go:77.2,77.19 1 1
lurus-switch/internal/billing/client.go:81.84,83.73 2 1
lurus-switch/internal/billing/client.go:83.73,85.3 1 0
lurus-switch/internal/billing/client.go:86.2,86.18 1 1
lurus-switch/internal/billing/client.go:90.104,96.78 3 1
lurus-switch/internal/billing/client.go:96.78,98.3 1 0
lurus-switch/internal/billing/client.go:99.2,99.21 1 1
lurus-switch/internal/billing/client.go:103.98,109.90 3 1
lurus-switch/internal/billing/client.go:109.90,111.3 1 0
lurus-switch/internal/billing/client.go:112.2,112.21 1 1
lurus-switch/internal/billing/client.go:116.72,120.83 2 1
lurus-switch/internal/billing/client.go:120.83,122.3 1 1
lurus-switch/internal/billing/client.go:123.2,123.12 1 1
lurus-switch/internal/billing/client.go:127.78,134.79 3 1
lurus-switch/internal/billing/client.go:134.79,136.3 1 1
lurus-switch/internal/billing/client.go:137.2,137.27 1 1
lurus-switch/internal/billing/client.go:141.84,143.16 2 1
lurus-switch/internal/billing/client.go:143.16,145.3 1 0
lurus-switch/internal/billing/client.go:146.2,146.33 1 1
lurus-switch/internal/billing/client.go:150.103,152.16 2 1
lurus-switch/internal/billing/client.go:152.16,154.3 1 0
lurus-switch/internal/billing/client.go:155.2,156.16 2 1
lurus-switch/internal/billing/client.go:156.16,158.3 1 0
lurus-switch/internal/billing/client.go:159.2,160.33 2 1
lurus-switch/internal/billing/client.go:164.73,166.24 2 1
lurus-switch/internal/billing/client.go:166.24,168.3 1 1
lurus-switch/internal/billing/client.go:170.2,171.16 2 1
lurus-switch/internal/billing/client.go:171.16,173.3 1 1
lurus-switch/internal/billing/client.go:174.2,177.16 3 1
lurus-switch/internal/billing/client.go:177.16,179.3 1 0
lurus-switch/internal/billing/client.go:181.2,181.53 1 1
lurus-switch/internal/billing/client.go:181.53,184.71 2 1
lurus-switch/internal/billing/client.go:184.71,186.4 1 1
lurus-switch/internal/billing/client.go:187.3,187.59 1 1
lurus-switch/internal/billing/client.go:190.2,191.60 2 1
lurus-switch/internal/billing/client.go:191.60,193.3 1 1
lurus-switch/internal/billing/client.go:195.2,195.23 1 1
lurus-switch/internal/billing/client.go:195.23,197.3 1 1
lurus-switch/internal/billing/client.go:199.2,199.45 1 1
lurus-switch/internal/billing/client.go:199.45,200.63 1 1
lurus-switch/internal/billing/client.go:200.63,202.4 1 0
lurus-switch/internal/billing/client.go:205.2,205.12 1 1
lurus-switch/internal/appconfig/appconfig.go:22.37,24.16 2 1
lurus-switch/internal/appconfig/appconfig.go:24.16,26.3 1 0
lurus-switch/internal/appconfig/appconfig.go:28.2,29.22 2 1
lurus-switch/internal/appconfig/appconfig.go:30.17,32.20 2 1
lurus-switch/internal/appconfig/appconfig.go:32.20,34.4 1 0
lurus-switch/internal/appconfig/appconfig.go:35.3,35.47 1 1
lurus-switch/internal/appconfig/appconfig.go:36.16,37.78 1 0
lurus-switch/internal/appconfig/appconfig.go:38.10,39.45 1 0
lurus-switch/internal/appconfig/appconfig.go:42.2,42.53 1 1
lurus-switch/internal/appconfig/appconfig.go:46.40,54.2 1 1
lurus-switch/internal/appconfig/appconfig.go:57.46,59.16 2 1
lurus-switch/internal/appconfig/appconfig.go:59.16,61.3 1 0
lurus-switch/internal/appconfig/appconfig.go:63.2,64.16 2 1
lurus-switch/internal/appconfig/appconfig.go:64.16,65.25 1 1
lurus-switch/internal/appconfig/appconfig.go:65.25,67.4 1 1
lurus-switch/internal/appconfig/appconfig.go:68.3,68.65 1 0
lurus-switch/internal/appconfig/appconfig.go:71.2,72.48 2 1
lurus-switch/internal/appconfig/appconfig.go:72.48,75.3 2 1
lurus-switch/internal/appconfig/appconfig.go:78.2,78.27 1 1
lurus-switch/internal/appconfig/appconfig.go:78.27,80.3 1 1
lurus-switch/internal/appconfig/appconfig.go:80.8,80.34 1 1
lurus-switch/internal/appconfig/appconfig.go:80.34,82.3 1 1
lurus-switch/internal/appconfig/appconfig.go:84.2,84.15 1 1
lurus-switch/internal/appconfig/appconfig.go:88.44,89.14 1 1
lurus-switch/internal/appconfig/appconfig.go:89.14,91.3 1 1
lurus-switch/internal/appconfig/appconfig.go:93.2,94.16 2 1
lurus-switch/internal/appconfig/appconfig.go:94.16,96.3 1 0
lurus-switch/internal/appconfig/appconfig.go:98.2,98.59 1 1
lurus-switch/internal/appconfig/appconfig.go:98.59,100.3 1 0
lurus-switch/internal/appconfig/appconfig.go:102.2,103.16 2 1
lurus-switch/internal/appconfig/appconfig.go:103.16,105.3 1 0
lurus-switch/internal/appconfig/appconfig.go:107.2,107.52 1 1
lurus-switch/internal/appconfig/appconfig.go:107.52,109.3 1 0
lurus-switch/internal/appconfig/appconfig.go:111.2,111.12 1 1
lurus-switch/internal/toolconfig/exec_windows.go:11.51,18.2 3 0
lurus-switch/internal/toolconfig/toolconfig.go:28.25,31.2 2 1
lurus-switch/internal/toolconfig/toolconfig.go:33.24,36.2 2 1
lurus-switch/internal/toolconfig/toolconfig.go:38.25,41.2 2 1
lurus-switch/internal/toolconfig/toolconfig.go:43.27,46.2 2 1
lurus-switch/internal/toolconfig/toolconfig.go:48.27,51.2 2 1
lurus-switch/internal/toolconfig/toolconfig.go:135.49,137.9 2 1
lurus-switch/internal/toolconfig/toolconfig.go:137.9,139.3 1 1
lurus-switch/internal/toolconfig/toolconfig.go:140.2,140.52 1 1
lurus-switch/internal/toolconfig/toolconfig.go:144.55,146.9 2 1
lurus-switch/internal/toolconfig/toolconfig.go:146.9,148.3 1 1
lurus-switch/internal/toolconfig/toolconfig.go:150.2,158.16 4 1
lurus-switch/internal/toolconfig/toolconfig.go:158.16,159.25 1 1
lurus-switch/internal/toolconfig/toolconfig.go:159.25,163.4 3 1
lurus-switch/internal/toolconfig/toolconfig.go:164.3,164.74 1 0
lurus-switch/internal/toolconfig/toolconfig.go:167.2,169.18 3 1
lurus-switch/internal/toolconfig/toolconfig.go:173.46,175.9 2 1
lurus-switch/internal/toolconfig/toolconfig.go:175.9,177.3 1 1
lurus-switch/internal/toolconfig/toolconfig.go:179.2,180.53 2 1
lurus-switch/internal/toolconfig/toolconfig.go:180.53,182.3 1 0
lurus-switch/internal/toolconfig/toolconfig.go:184.2,185.72 2 1
lurus-switch/internal/toolconfig/toolconfig.go:185.72,187.3 1 0
lurus-switch/internal/toolconfig/toolconfig.go:189.2,189.12 1 1
lurus-switch/internal/toolconfig/toolconfig.go:193.44,195.34 2 1
lurus-switch/internal/toolconfig/toolconfig.go:195.34,197.3 1 1
lurus-switch/internal/toolconfig/toolconfig.go:198.2,198.14 1 1
lurus-switch/internal/toolconfig/toolconfig.go:202.45,204.9 2 0
lurus-switch/internal/toolconfig/toolconfig.go:204.9,206.3 1 0
lurus-switch/internal/toolconfig/toolconfig.go:208.2,209.47 2 0
lurus-switch/internal/toolconfig/toolconfig.go:209.47,211.3 1 0
lurus-switch/internal/toolconfig/toolconfig.go:213.2,215.22 3 0
lurus-switch/internal/toolconfig/toolconfig.go:216.17,218.43 2 0
lurus-switch/internal/toolconfig/toolconfig.go:219.16,221.23 2 0
lurus-switch/internal/toolconfig/toolconfig.go:222.10,224.23 2 0
lurus-switch/internal/toolconfig/toolconfig.go:227.2,227.32 1 0
lurus-switch/internal/analytics/tracker.go:39.37,41.16 2 1
lurus-switch/internal/analytics/tracker.go:41.16,43.3 1 0
lurus-switch/internal/analytics/tracker.go:44.2,44.59 1 1
lurus-switch/internal/analytics/tracker.go:44.59,46.3 1 0
lurus-switch/internal/analytics/tracker.go:47.2,47.31 1 1
lurus-switch/internal/analytics/tracker.go:51.38,53.16 2 1
lurus-switch/internal/analytics/tracker.go:53.16,55.3 1 0
lurus-switch/internal/analytics/tracker.go:57.2,58.22 2 1
lurus-switch/internal/analytics/tracker.go:59.17,61.20 2 1
lurus-switch/internal/analytics/tracker.go:61.20,63.4 1 0
lurus-switch/internal/analytics/tracker.go:64.3,64.48 1 1
lurus-switch/internal/analytics/tracker.go:65.16,66.79 1 0
lurus-switch/internal/analytics/tracker.go:67.10,68.46 1 0
lurus-switch/internal/analytics/tracker.go:71.2,71.52 1 1
lurus-switch/internal/analytics/tracker.go:75.41,76.23 1 1
lurus-switch/internal/analytics/tracker.go:76.23,78.3 1 1
lurus-switch/internal/analytics/tracker.go:80.2,81.16 2 1
lurus-switch/internal/analytics/tracker.go:81.16,83.3 1 0
lurus-switch/internal/analytics/tracker.go:85.2,89.16 4 1
lurus-switch/internal/analytics/tracker.go:89.16,91.3 1 0
lurus-switch/internal/analytics/tracker.go:92.2,95.12 3 1
lurus-switch/internal/analytics/tracker.go:99.61,100.15 1 1
lurus-switch/internal/analytics/tracker.go:100.15,102.3 1 1
lurus-switch/internal/analytics/tracker.go:104.2,115.16 6 1
lurus-switch/internal/analytics/tracker.go:115.16,116.25 1 1
lurus-switch/internal/analytics/tracker.go:116.25,118.4 1 1
lurus-switch/internal/analytics/tracker.go:119.3,119.67 1 0
lurus-switch/internal/analytics/tracker.go:121.2,124.21 3 1
lurus-switch/internal/analytics/tracker.go:124.21,126.17 2 1
lurus-switch/internal/analytics/tracker.go:126.17,127.12 1 1
lurus-switch/internal/analytics/tracker.go:129.3,130.58 2 1
lurus-switch/internal/analytics/tracker.go:130.58,131.12 1 1
lurus-switch/internal/analytics/tracker.go:134.3,135.38 2 1
lurus-switch/internal/analytics/tracker.go:135.38,136.12 1 1
lurus-switch/internal/analytics/tracker.go:140.3,140.47 1 1
lurus-switch/internal/analytics/tracker.go:140.47,142.4 1 1
lurus-switch/internal/analytics/tracker.go:143.3,147.28 3 1
lurus-switch/internal/analytics/tracker.go:150.2,150.30 1 1
lurus-switch/internal/downloader/downloader.go:27.49,32.2 1 1
lurus-switch/internal/downloader/downloader.go:35.36,37.16 2 1
lurus-switch/internal/downloader/downloader.go:37.16,39.3 1 0
lurus-switch/internal/downloader/downloader.go:41.2,42.22 2 1
lurus-switch/internal/downloader/downloader.go:43.17,44.79 1 1
lurus-switch/internal/downloader/downloader.go:45.16,46.70 1 0
lurus-switch/internal/downloader/downloader.go:47.10,49.21 2 0
lurus-switch/internal/downloader/downloader.go:49.21,51.4 1 0
lurus-switch/internal/downloader/downloader.go:52.3,52.53 1 0
lurus-switch/internal/downloader/downloader.go:55.2,55.52 1 1
lurus-switch/internal/downloader/downloader.go:55.52,57.3 1 0
lurus-switch/internal/downloader/downloader.go:59.2,59.22 1 1
lurus-switch/internal/downloader/downloader.go:63.78,67.48 2 1
lurus-switch/internal/downloader/downloader.go:67.48,72.3 1 1
lurus-switch/internal/downloader/downloader.go:74.2,75.16 2 1
lurus-switch/internal/downloader/downloader.go:75.16,77.3 1 1
lurus-switch/internal/downloader/downloader.go:78.2,80.38 2 1
lurus-switch/internal/downloader/downloader.go:80.38,82.3 1 1
lurus-switch/internal/downloader/downloader.go:84.2,84.66 1 1
lurus-switch/internal/downloader/downloader.go:84.66,86.3 1 0
lurus-switch/internal/downloader/downloader.go:88.2,89.16 2 1
lurus-switch/internal/downloader/downloader.go:89.16,91.3 1 0
lurus-switch/internal/downloader/downloader.go:92.2,95.16 3 1
lurus-switch/internal/downloader/downloader.go:95.16,98.3 2 0
lurus-switch/internal/downloader/downloader.go:100.2,103.8 1 1
lurus-switch/internal/downloader/downloader.go:107.70,109.16 2 1
lurus-switch/internal/downloader/downloader.go:109.16,111.3 1 1
lurus-switch/internal/downloader/downloader.go:112.2,114.38 2 1
lurus-switch/internal/downloader/downloader.go:114.38,116.3 1 1
lurus-switch/internal/downloader/downloader.go:118.2,118.66 1 1
lurus-switch/internal/downloader/downloader.go:118.66,120.3 1 1
lurus-switch/internal/downloader/downloader.go:122.2,122.12 1 1
lurus-switch/internal/downloader/downloader.go:126.41,128.2 1 1
lurus-switch/internal/toolhealth/health.go:32.43,40.16 3 1
lurus-switch/internal/toolhealth/health.go:40.16,44.3 3 0
lurus-switch/internal/toolhealth/health.go:46.2,46.18 1 1
lurus-switch/internal/toolhealth/health.go:46.18,50.3 3 1
lurus-switch/internal/toolhealth/health.go:52.2,52.14 1 1
lurus-switch/internal/toolhealth/health.go:53.16,54.42 1 1
lurus-switch/internal/toolhealth/health.go:55.15,56.41 1 0
lurus-switch/internal/toolhealth/health.go:57.16,58.42 1 1
lurus-switch/internal/toolhealth/health.go:59.18,60.44 1 0
lurus-switch/internal/toolhealth/health.go:61.18,62.44 1 0
lurus-switch/internal/toolhealth/health.go:65.2,65.15 1 1
lurus-switch/internal/toolhealth/health.go:69.42,71.38 2 1
lurus-switch/internal/toolhealth/health.go:71.38,73.3 1 1
lurus-switch/internal/toolhealth/health.go:74.2,74.16 1 1
lurus-switch/internal/toolhealth/health.go:78.57,80.63 2 1
lurus-switch/internal/toolhealth/health.go:80.63,84.3 3 1
lurus-switch/internal/toolhealth/health.go:86.2,90.35 4 1
lurus-switch/internal/toolhealth/health.go:90.35,93.3 2 1
lurus-switch/internal/toolhealth/health.go:97.56,99.55 2 1
lurus-switch/internal/toolhealth/health.go:99.55,103.3 3 1
lurus-switch/internal/toolhealth/health.go:105.2,106.17 2 1
lurus-switch/internal/toolhealth/health.go:106.17,109.3 2 1
lurus-switch/internal/toolhealth/health.go:113.57,115.63 2 1
lurus-switch/internal/toolhealth/health.go:115.63,119.3 3 1
lurus-switch/internal/toolhealth/health.go:121.2,123.21 3 1
lurus-switch/internal/toolhealth/health.go:123.21,126.3 2 1
lurus-switch/internal/toolhealth/health.go:130.59,132.2 1 1
lurus-switch/internal/toolhealth/health.go:135.59,137.2 1 1
lurus-switch/internal/toolhealth/health.go:140.55,142.63 2 1
lurus-switch/internal/toolhealth/health.go:142.63,146.3 3 1
lurus-switch/internal/toolhealth/health.go:148.2,149.25 2 1
lurus-switch/internal/toolhealth/health.go:149.25,153.3 3 1
lurus-switch/internal/toolhealth/health.go:155.2,157.38 3 1
lurus-switch/internal/toolhealth/health.go:157.38,160.3 2 1
lurus-switch/internal/proxy/proxy.go:29.47,31.16 2 1
lurus-switch/internal/proxy/proxy.go:31.16,33.3 1 0
lurus-switch/internal/proxy/proxy.go:35.2,41.54 2 1
lurus-switch/internal/proxy/proxy.go:41.54,42.59 1 1
lurus-switch/internal/proxy/proxy.go:42.59,45.4 1 1
lurus-switch/internal/proxy/proxy.go:48.2,48.16 1 1
lurus-switch/internal/proxy/proxy.go:52.54,58.2 4 1
lurus-switch/internal/proxy/proxy.go:61.62,67.47 5 1
lurus-switch/internal/proxy/proxy.go:67.47,69.3 1 0
lurus-switch/internal/proxy/proxy.go:71.2,72.16 2 1
lurus-switch/internal/proxy/proxy.go:72.16,74.3 1 0
lurus-switch/internal/proxy/proxy.go:76.2,76.64 1 1
lurus-switch/internal/proxy/proxy.go:76.64,78.3 1 0
lurus-switch/internal/proxy/proxy.go:80.2,80.12 1 1
lurus-switch/internal/proxy/proxy.go:84.43,87.22 2 1
lurus-switch/internal/proxy/proxy.go:88.17,90.20 2 1
lurus-switch/internal/proxy/proxy.go:90.20,92.4 1 0
lurus-switch/internal/proxy/proxy.go:93.16,95.17 2 0
lurus-switch/internal/proxy/proxy.go:95.17,97.4 1 0
lurus-switch/internal/proxy/proxy.go:98.3,98.66 1 0
lurus-switch/internal/proxy/proxy.go:99.10,101.20 2 0
lurus-switch/internal/proxy/proxy.go:101.20,103.18 2 0
lurus-switch/internal/proxy/proxy.go:103.18,105.5 1 0
lurus-switch/internal/proxy/proxy.go:106.4,106.44 1 0
lurus-switch/internal/proxy/proxy.go:110.2,110.77 1 1
lurus-switch/internal/generator/claude_generator.go:16.44,18.2 1 1
lurus-switch/internal/generator/claude_generator.go:21.96,22.53 1 1
lurus-switch/internal/generator/claude_generator.go:22.53,24.3 1 0
lurus-switch/internal/generator/claude_generator.go:26.2,29.16 3 1
lurus-switch/internal/generator/claude_generator.go:29.16,31.3 1 0
lurus-switch/internal/generator/claude_generator.go:33.2,33.61 1 1
lurus-switch/internal/generator/claude_generator.go:33.61,35.3 1 0
lurus-switch/internal/generator/claude_generator.go:37.2,37.24 1 1
lurus-switch/internal/generator/claude_generator.go:41.84,43.16 2 1
lurus-switch/internal/generator/claude_generator.go:43.16,45.3 1 0
lurus-switch/internal/generator/claude_generator.go:46.2,46.26 1 1
lurus-switch/internal/generator/claude_generator.go:50.77,54.34 3 0
lurus-switch/internal/generator/claude_generator.go:54.34,57.3 2 0
lurus-switch/internal/generator/claude_generator.go:59.2,59.21 1 0
lurus-switch/internal/generator/claude_generator.go:59.21,62.3 2 0
lurus-switch/internal/generator/claude_generator.go:64.2,64.49 1 0
lurus-switch/internal/generator/claude_generator.go:64.49,66.58 2 0
lurus-switch/internal/generator/claude_generator.go:66.58,68.4 1 0
lurus-switch/internal/generator/claude_generator.go:69.3,69.13 1 0
lurus-switch/internal/generator/claude_generator.go:72.2,72.11 1 0
lurus-switch/internal/generator/claude_generator.go:76.68,77.21 1 1
lurus-switch/internal/generator/claude_generator.go:77.21,79.3 1 1
lurus-switch/internal/generator/claude_generator.go:82.2,82.46 1 1
lurus-switch/internal/generator/claude_generator.go:82.46,84.3 1 0
lurus-switch/internal/generator/claude_generator.go:87.2,87.23 1 1
lurus-switch/internal/generator/claude_generator.go:87.23,89.3 1 1
lurus-switch/internal/generator/claude_generator.go:92.2,92.25 1 1
lurus-switch/internal/generator/claude_generator.go:92.25,94.36 2 0
lurus-switch/internal/generator/claude_generator.go:94.36,96.4 1 0
lurus-switch/internal/generator/claude_generator.go:99.2,99.12 1 1
lurus-switch/internal/generator/codex_generator.go:18.42,20.2 1 1
lurus-switch/internal/generator/codex_generator.go:23.94,24.53 1 1
lurus-switch/internal/generator/codex_generator.go:24.53,26.3 1 0
lurus-switch/internal/generator/codex_generator.go:28.2,31.16 3 1
lurus-switch/internal/generator/codex_generator.go:31.16,33.3 1 0
lurus-switch/internal/generator/codex_generator.go:35.2,35.72 1 1
lurus-switch/internal/generator/codex_generator.go:35.72,37.3 1 0
lurus-switch/internal/generator/codex_generator.go:39.2,39.24 1 1
lurus-switch/internal/generator/codex_generator.go:43.82,53.44 6 1
lurus-switch/internal/generator/codex_generator.go:53.44,55.3 1 0
lurus-switch/internal/generator/codex_generator.go:57.2,57.26 1 1
lurus-switch/internal/generator/codex_generator.go:61.133,62.53 1 1
lurus-switch/internal/generator/codex_generator.go:62.53,64.3 1 0
lurus-switch/internal/generator/codex_generator.go:66.2,70.16 3 1
lurus-switch/internal/generator/codex_generator.go:70.16,72.3 1 0
lurus-switch/internal/generator/codex_generator.go:73.2,76.24 2 1
lurus-switch/internal/generator/codex_generator.go:76.24,78.84 2 1
lurus-switch/internal/generator/codex_generator.go:78.84,80.4 1 0
lurus-switch/internal/generator/codex_generator.go:81.3,81.42 1 1
lurus-switch/internal/generator/codex_generator.go:84.2,84.19 1 1
lurus-switch/internal/generator/codex_generator.go:88.66,89.21 1 1
lurus-switch/internal/generator/codex_generator.go:89.21,91.3 1 1
lurus-switch/internal/generator/codex_generator.go:94.2,95.35 2 1
lurus-switch/internal/generator/codex_generator.go:95.35,97.3 1 1
lurus-switch/internal/generator/codex_generator.go:100.2,101.40 2 1
lurus-switch/internal/generator/codex_generator.go:101.40,103.3 1 1
lurus-switch/internal/generator/codex_generator.go:106.2,106.72 1 1
lurus-switch/internal/generator/codex_generator.go:106.72,108.3 1 1
lurus-switch/internal/generator/codex_generator.go:111.2,112.53 2 1
lurus-switch/internal/generator/codex_generator.go:112.53,114.3 1 1
lurus-switch/internal/generator/codex_generator.go:116.2,116.12 1 1
lurus-switch/internal/generator/gemini_generator.go:17.44,19.2 1 1
lurus-switch/internal/generator/gemini_generator.go:22.96,23.53 1 1
lurus-switch/internal/generator/gemini_generator.go:23.53,25.3 1 0
lurus-switch/internal/generator/gemini_generator.go:27.2,30.72 3 1
lurus-switch/internal/generator/gemini_generator.go:30.72,32.3 1 0
lurus-switch/internal/generator/gemini_generator.go:34.2,34.24 1 1
lurus-switch/internal/generator/gemini_generator.go:38.77,45.47 4 1
lurus-switch/internal/generator/gemini_generator.go:45.47,49.3 3 1
lurus-switch/internal/generator/gemini_generator.go:52.2,52.38 1 1
lurus-switch/internal/generator/gemini_generator.go:52.38,56.3 3 1
lurus-switch/internal/generator/gemini_generator.go:59.2,59.38 1 1
lurus-switch/internal/generator/gemini_generator.go:59.38,63.3 3 1
lurus-switch/internal/generator/gemini_generator.go:66.2,66.43 1 1
lurus-switch/internal/generator/gemini_generator.go:66.43,68.53 2 1
lurus-switch/internal/generator/gemini_generator.go:68.53,72.4 3 1
lurus-switch/internal/generator/gemini_generator.go:73.3,73.23 1 1
lurus-switch/internal/generator/gemini_generator.go:77.2,77.42 1 1
lurus-switch/internal/generator/gemini_generator.go:77.42,82.3 4 1
lurus-switch/internal/generator/gemini_generator.go:85.2,85.46 1 1
lurus-switch/internal/generator/gemini_generator.go:85.46,89.3 3 1
lurus-switch/internal/generator/gemini_generator.go:91.2,91.20 1 1
lurus-switch/internal/generator/gemini_generator.go:95.106,96.53 1 1
lurus-switch/internal/generator/gemini_generator.go:96.53,98.3 1 0
lurus-switch/internal/generator/gemini_generator.go:101.2,118.39 2 1
lurus-switch/internal/generator/gemini_generator.go:118.39,120.3 1 1
lurus-switch/internal/generator/gemini_generator.go:122.2,122.45 1 1
lurus-switch/internal/generator/gemini_generator.go:122.45,124.3 1 1
lurus-switch/internal/generator/gemini_generator.go:126.2,128.16 3 1
lurus-switch/internal/generator/gemini_generator.go:128.16,130.3 1 0
lurus-switch/internal/generator/gemini_generator.go:132.2,132.61 1 1
lurus-switch/internal/generator/gemini_generator.go:132.61,134.3 1 0
lurus-switch/internal/generator/gemini_generator.go:136.2,136.24 1 1
lurus-switch/internal/generator/gemini_generator.go:140.101,145.16 3 1
lurus-switch/internal/generator/gemini_generator.go:145.16,147.3 1 0
lurus-switch/internal/generator/gemini_generator.go:148.2,152.16 3 1
lurus-switch/internal/generator/gemini_generator.go:152.16,154.3 1 0
lurus-switch/internal/generator/gemini_generator.go:155.2,157.19 2 1
lurus-switch/internal/generator/gemini_generator.go:161.68,162.21 1 1
lurus-switch/internal/generator/gemini_generator.go:162.21,164.3 1 1
lurus-switch/internal/generator/gemini_generator.go:167.2,168.36 2 1
lurus-switch/internal/generator/gemini_generator.go:168.36,170.3 1 1
lurus-switch/internal/generator/gemini_generator.go:173.2,174.37 2 1
lurus-switch/internal/generator/gemini_generator.go:174.37,176.3 1 1
lurus-switch/internal/generator/gemini_generator.go:179.2,179.34 1 1
lurus-switch/internal/generator/gemini_generator.go:179.34,181.3 1 1
lurus-switch/internal/generator/gemini_generator.go:183.2,183.12 1 1
lurus-switch/internal/generator/nullclaw_generator.go:16.48,18.2 1 0
lurus-switch/internal/generator/nullclaw_generator.go:21.100,22.53 1 0
lurus-switch/internal/generator/nullclaw_generator.go:22.53,24.3 1 0
lurus-switch/internal/generator/nullclaw_generator.go:26.2,29.16 3 0
lurus-switch/internal/generator/nullclaw_generator.go:29.16,31.3 1 0
lurus-switch/internal/generator/nullclaw_generator.go:33.2,33.61 1 0
lurus-switch/internal/generator/nullclaw_generator.go:33.61,35.3 1 0
lurus-switch/internal/generator/nullclaw_generator.go:37.2,37.24 1 0
lurus-switch/internal/generator/nullclaw_generator.go:41.88,43.16 2 0
lurus-switch/internal/generator/nullclaw_generator.go:43.16,45.3 1 0
lurus-switch/internal/generator/nullclaw_generator.go:46.2,46.26 1 0
lurus-switch/internal/generator/nullclaw_generator.go:50.72,51.29 1 0
lurus-switch/internal/generator/nullclaw_generator.go:51.29,53.3 1 0
lurus-switch/internal/generator/nullclaw_generator.go:55.2,55.34 1 0
lurus-switch/internal/generator/nullclaw_generator.go:55.34,56.19 1 0
lurus-switch/internal/generator/nullclaw_generator.go:56.19,58.4 1 0
lurus-switch/internal/generator/nullclaw_generator.go:61.2,61.12 1 0
lurus-switch/internal/generator/picoclaw_generator.go:16.48,18.2 1 1
lurus-switch/internal/generator/picoclaw_generator.go:21.100,22.53 1 1
lurus-switch/internal/generator/picoclaw_generator.go:22.53,24.3 1 0
lurus-switch/internal/generator/picoclaw_generator.go:26.2,29.16 3 1
lurus-switch/internal/generator/picoclaw_generator.go:29.16,31.3 1 0
lurus-switch/internal/generator/picoclaw_generator.go:33.2,33.61 1 1
lurus-switch/internal/generator/picoclaw_generator.go:33.61,35.3 1 0
lurus-switch/internal/generator/picoclaw_generator.go:37.2,37.24 1 1
lurus-switch/internal/generator/picoclaw_generator.go:41.88,43.16 2 1
lurus-switch/internal/generator/picoclaw_generator.go:43.16,45.3 1 0
lurus-switch/internal/generator/picoclaw_generator.go:46.2,46.26 1 1
lurus-switch/internal/generator/picoclaw_generator.go:50.72,51.29 1 1
lurus-switch/internal/generator/picoclaw_generator.go:51.29,53.3 1 1
lurus-switch/internal/generator/picoclaw_generator.go:55.2,55.34 1 1
lurus-switch/internal/generator/picoclaw_generator.go:55.34,56.19 1 1
lurus-switch/internal/generator/picoclaw_generator.go:56.19,58.4 1 1
lurus-switch/internal/generator/picoclaw_generator.go:61.2,61.12 1 1
lurus-switch/internal/config/claude.go:84.38,104.2 1 1
lurus-switch/internal/config/codex.go:104.36,133.2 1 1
lurus-switch/internal/config/gemini.go:84.38,104.2 1 1
lurus-switch/internal/config/gemini.go:107.50,111.45 3 1
lurus-switch/internal/config/gemini.go:111.45,114.3 2 1
lurus-switch/internal/config/gemini.go:116.2,116.36 1 1
lurus-switch/internal/config/gemini.go:116.36,119.3 2 1
lurus-switch/internal/config/gemini.go:121.2,121.36 1 1
lurus-switch/internal/config/gemini.go:121.36,124.3 2 1
lurus-switch/internal/config/gemini.go:126.2,126.41 1 1
lurus-switch/internal/config/gemini.go:126.41,128.51 2 1
lurus-switch/internal/config/gemini.go:128.51,130.4 1 1
lurus-switch/internal/config/gemini.go:131.3,131.13 1 1
lurus-switch/internal/config/gemini.go:134.2,134.40 1 1
lurus-switch/internal/config/gemini.go:134.40,137.3 2 1
lurus-switch/internal/config/gemini.go:139.2,139.44 1 1
lurus-switch/internal/config/gemini.go:139.44,142.3 2 1
lurus-switch/internal/config/gemini.go:144.2,144.11 1 1
lurus-switch/internal/config/nullclaw.go:30.42,46.2 1 0
lurus-switch/internal/config/picoclaw.go:30.42,46.2 1 0
lurus-switch/internal/config/store.go:18.33,20.16 2 1
lurus-switch/internal/config/store.go:20.16,22.3 1 0
lurus-switch/internal/config/store.go:25.2,25.53 1 1
lurus-switch/internal/config/store.go:25.53,27.3 1 0
lurus-switch/internal/config/store.go:29.2,29.42 1 1
lurus-switch/internal/config/store.go:33.37,36.22 2 1
lurus-switch/internal/config/store.go:37.17,39.20 2 1
lurus-switch/internal/config/store.go:39.20,41.4 1 0
lurus-switch/internal/config/store.go:42.16,44.17 2 0
lurus-switch/internal/config/store.go:44.17,46.4 1 0
lurus-switch/internal/config/store.go:47.3,47.66 1 0
lurus-switch/internal/config/store.go:48.10,50.20 2 0
lurus-switch/internal/config/store.go:50.20,52.18 2 0
lurus-switch/internal/config/store.go:52.18,54.5 1 0
lurus-switch/internal/config/store.go:55.4,55.44 1 0
lurus-switch/internal/config/store.go:59.2,59.63 1 1
lurus-switch/internal/config/store.go:63.39,65.2 1 1
lurus-switch/internal/config/store.go:68.75,70.2 1 1
lurus-switch/internal/config/store.go:73.70,75.62 2 1
lurus-switch/internal/config/store.go:75.62,77.3 1 1
lurus-switch/internal/config/store.go:78.2,78.21 1 1
lurus-switch/internal/config/store.go:82.73,84.2 1 1
lurus-switch/internal/config/store.go:87.68,89.61 2 1
lurus-switch/internal/config/store.go:89.61,91.3 1 1
lurus-switch/internal/config/store.go:92.2,92.21 1 1
lurus-switch/internal/config/store.go:96.75,98.2 1 1
lurus-switch/internal/config/store.go:101.70,103.62 2 1
lurus-switch/internal/config/store.go:103.62,105.3 1 1
lurus-switch/internal/config/store.go:106.2,106.21 1 1
lurus-switch/internal/config/store.go:110.79,112.2 1 0
lurus-switch/internal/config/store.go:115.74,117.64 2 0
lurus-switch/internal/config/store.go:117.64,119.3 1 0
lurus-switch/internal/config/store.go:120.2,120.21 1 0
lurus-switch/internal/config/store.go:124.79,126.2 1 0
lurus-switch/internal/config/store.go:129.74,131.64 2 0
lurus-switch/internal/config/store.go:131.64,133.3 1 0
lurus-switch/internal/config/store.go:134.2,134.21 1 0
lurus-switch/internal/config/store.go:138.57,140.2 1 0
lurus-switch/internal/config/store.go:143.57,145.2 1 0
lurus-switch/internal/config/store.go:148.60,150.52 2 1
lurus-switch/internal/config/store.go:150.52,152.3 1 1
lurus-switch/internal/config/store.go:154.2,155.16 2 1
lurus-switch/internal/config/store.go:155.16,157.3 1 0
lurus-switch/internal/config/store.go:159.2,160.32 2 1
lurus-switch/internal/config/store.go:160.32,161.62 1 1
lurus-switch/internal/config/store.go:161.62,164.4 2 1
lurus-switch/internal/config/store.go:167.2,167.19 1 1
lurus-switch/internal/config/store.go:171.44,172.16 1 1
lurus-switch/internal/config/store.go:172.16,174.3 1 0
lurus-switch/internal/config/store.go:175.2,175.69 1 1
lurus-switch/internal/config/store.go:175.69,177.3 1 0
lurus-switch/internal/config/store.go:178.2,178.33 1 1
lurus-switch/internal/config/store.go:178.33,180.3 1 0
lurus-switch/internal/config/store.go:181.2,181.12 1 1
lurus-switch/internal/config/store.go:185.55,186.49 1 1
lurus-switch/internal/config/store.go:186.49,188.3 1 0
lurus-switch/internal/config/store.go:189.2,189.49 1 1
lurus-switch/internal/config/store.go:189.49,191.3 1 0
lurus-switch/internal/config/store.go:192.2,193.46 2 1
lurus-switch/internal/config/store.go:193.46,194.25 1 1
lurus-switch/internal/config/store.go:194.25,196.4 1 1
lurus-switch/internal/config/store.go:197.3,197.56 1 0
lurus-switch/internal/config/store.go:199.2,199.12 1 1
lurus-switch/internal/config/store.go:203.73,204.49 1 1
lurus-switch/internal/config/store.go:204.49,206.3 1 0
lurus-switch/internal/config/store.go:207.2,207.49 1 1
lurus-switch/internal/config/store.go:207.49,209.3 1 0
lurus-switch/internal/config/store.go:210.2,211.51 2 1
lurus-switch/internal/config/store.go:211.51,213.3 1 0
lurus-switch/internal/config/store.go:215.2,217.16 3 1
lurus-switch/internal/config/store.go:217.16,219.3 1 0
lurus-switch/internal/config/store.go:221.2,221.61 1 1
lurus-switch/internal/config/store.go:221.61,223.3 1 0
lurus-switch/internal/config/store.go:225.2,225.12 1 1
lurus-switch/internal/config/store.go:229.73,230.49 1 1
lurus-switch/internal/config/store.go:230.49,232.3 1 0
lurus-switch/internal/config/store.go:233.2,233.49 1 1
lurus-switch/internal/config/store.go:233.49,235.3 1 0
lurus-switch/internal/config/store.go:236.2,238.16 3 1
lurus-switch/internal/config/store.go:238.16,239.25 1 1
lurus-switch/internal/config/store.go:239.25,241.4 1 1
lurus-switch/internal/config/store.go:242.3,242.59 1 0
lurus-switch/internal/config/store.go:245.2,245.53 1 1
lurus-switch/internal/config/store.go:245.53,247.3 1 1
lurus-switch/internal/config/store.go:249.2,249.12 1 1
lurus-switch/app.go:59.20,61.16 2 1
lurus-switch/app.go:61.16,63.3 1 0
lurus-switch/app.go:65.2,68.16 3 1
lurus-switch/app.go:68.16,70.3 1 0
lurus-switch/app.go:72.2,73.16 2 1
lurus-switch/app.go:73.16,75.3 1 0
lurus-switch/app.go:77.2,78.16 2 1
lurus-switch/app.go:78.16,80.3 1 0
lurus-switch/app.go:82.2,83.16 2 1
lurus-switch/app.go:83.16,85.3 1 0
lurus-switch/app.go:87.2,101.3 1 1
lurus-switch/app.go:106.44,108.2 1 1
lurus-switch/app.go:111.43,117.2 1 0
lurus-switch/app.go:120.37,121.20 1 1
lurus-switch/app.go:121.20,123.3 1 1
lurus-switch/app.go:124.2,124.31 1 1
lurus-switch/app.go:128.37,129.20 1 1
lurus-switch/app.go:129.20,131.3 1 1
lurus-switch/app.go:132.2,133.27 2 0
lurus-switch/app.go:137.40,139.2 1 1
lurus-switch/app.go:142.41,144.2 1 1
lurus-switch/bindings_admin.go:20.44,21.23 1 0
lurus-switch/bindings_admin.go:21.23,23.3 1 0
lurus-switch/bindings_admin.go:24.2,25.25 2 0
lurus-switch/bindings_admin.go:25.25,27.3 1 0
lurus-switch/bindings_admin.go:29.2,34.16 5 0
lurus-switch/bindings_admin.go:34.16,36.3 1 0
lurus-switch/bindings_admin.go:37.2,38.16 2 0
lurus-switch/bindings_admin.go:38.16,40.3 1 0
lurus-switch/bindings_admin.go:41.2,42.35 2 0
lurus-switch/bindings_admin.go:46.38,47.23 1 0
lurus-switch/bindings_admin.go:47.23,49.3 1 0
lurus-switch/bindings_admin.go:50.2,51.25 2 0
lurus-switch/bindings_admin.go:51.25,53.3 1 0
lurus-switch/bindings_admin.go:54.2,56.12 3 0
lurus-switch/bindings_admin.go:64.72,65.22 1 0
lurus-switch/bindings_admin.go:65.22,71.3 1 0
lurus-switch/bindings_admin.go:72.2,72.34 1 0
lurus-switch/bindings_admin.go:80.65,82.2 1 0
lurus-switch/bindings_admin.go:85.45,87.2 1 0
lurus-switch/bindings_admin.go:90.70,92.2 1 0
lurus-switch/bindings_admin.go:95.79,97.2 1 0
lurus-switch/bindings_admin.go:100.55,102.2 1 0
lurus-switch/bindings_billing.go:16.62,20.28 3 0
lurus-switch/bindings_billing.go:20.28,22.3 1 0
lurus-switch/bindings_billing.go:23.2,23.23 1 0
lurus-switch/bindings_billing.go:23.23,25.3 1 0
lurus-switch/bindings_billing.go:26.2,27.23 2 0
lurus-switch/bindings_billing.go:27.23,29.3 1 0
lurus-switch/bindings_billing.go:30.2,30.25 1 0
lurus-switch/bindings_billing.go:30.25,32.3 1 0
lurus-switch/bindings_billing.go:33.2,34.29 2 0
lurus-switch/bindings_billing.go:38.63,40.16 2 0
lurus-switch/bindings_billing.go:40.16,42.3 1 0
lurus-switch/bindings_billing.go:43.2,43.29 1 0
lurus-switch/bindings_billing.go:47.71,49.16 2 0
lurus-switch/bindings_billing.go:49.16,51.3 1 0
lurus-switch/bindings_billing.go:52.2,52.33 1 0
lurus-switch/bindings_billing.go:56.69,58.16 2 0
lurus-switch/bindings_billing.go:58.16,60.3 1 0
lurus-switch/bindings_billing.go:61.2,61.26 1 0
lurus-switch/bindings_billing.go:65.77,67.16 2 0
lurus-switch/bindings_billing.go:67.16,69.3 1 0
lurus-switch/bindings_billing.go:70.2,70.34 1 0
lurus-switch/bindings_billing.go:74.96,76.16 2 0
lurus-switch/bindings_billing.go:76.16,78.3 1 0
lurus-switch/bindings_billing.go:79.2,79.52 1 0
lurus-switch/bindings_billing.go:83.55,85.16 2 0
lurus-switch/bindings_billing.go:85.16,87.3 1 0
lurus-switch/bindings_billing.go:88.2,88.40 1 0
lurus-switch/bindings_billing.go:92.65,94.16 2 0
lurus-switch/bindings_billing.go:94.16,96.3 1 0
lurus-switch/bindings_billing.go:97.2,97.30 1 0
lurus-switch/bindings_billing.go:101.102,103.16 2 0
lurus-switch/bindings_billing.go:103.16,105.3 1 0
lurus-switch/bindings_billing.go:106.2,106.52 1 0
lurus-switch/bindings_billing.go:110.61,112.16 2 0
lurus-switch/bindings_billing.go:112.16,114.3 1 0
lurus-switch/bindings_billing.go:115.2,115.34 1 0
lurus-switch/bindings_billing.go:120.58,122.16 2 0
lurus-switch/bindings_billing.go:122.16,124.3 1 0
lurus-switch/bindings_billing.go:125.2,125.57 1 0
lurus-switch/bindings_billing.go:125.57,127.3 1 0
lurus-switch/bindings_billing.go:128.2,128.23 1 0
lurus-switch/bindings_billing.go:128.23,130.3 1 0
lurus-switch/bindings_billing.go:131.2,132.12 2 0
lurus-switch/bindings_config.go:18.61,20.2 1 1
lurus-switch/bindings_config.go:23.77,24.20 1 1
lurus-switch/bindings_config.go:24.20,26.3 1 1
lurus-switch/bindings_config.go:27.2,27.44 1 1
lurus-switch/bindings_config.go:31.75,32.20 1 1
lurus-switch/bindings_config.go:32.20,34.3 1 1
lurus-switch/bindings_config.go:35.2,35.39 1 1
lurus-switch/bindings_config.go:39.53,40.20 1 1
lurus-switch/bindings_config.go:40.20,42.3 1 1
lurus-switch/bindings_config.go:43.2,43.38 1 1
lurus-switch/bindings_config.go:47.53,48.20 1 1
lurus-switch/bindings_config.go:48.20,50.3 1 1
lurus-switch/bindings_config.go:51.2,51.45 1 1
lurus-switch/bindings_config.go:55.90,57.2 1 1
lurus-switch/bindings_config.go:60.78,63.2 2 1
lurus-switch/bindings_config.go:66.76,70.16 2 0
lurus-switch/bindings_config.go:70.16,72.3 1 0
lurus-switch/bindings_config.go:73.2,73.15 1 0
lurus-switch/bindings_config.go:73.15,75.3 1 0
lurus-switch/bindings_config.go:77.2,78.31 2 0
lurus-switch/bindings_config.go:86.59,88.2 1 1
lurus-switch/bindings_config.go:91.75,92.20 1 1
lurus-switch/bindings_config.go:92.20,94.3 1 1
lurus-switch/bindings_config.go:95.2,95.43 1 1
lurus-switch/bindings_config.go:99.73,100.20 1 1
lurus-switch/bindings_config.go:100.20,102.3 1 1
lurus-switch/bindings_config.go:103.2,103.38 1 1
lurus-switch/bindings_config.go:107.52,108.20 1 1
lurus-switch/bindings_config.go:108.20,110.3 1 1
lurus-switch/bindings_config.go:111.2,111.37 1 1
lurus-switch/bindings_config.go:115.52,116.20 1 1
lurus-switch/bindings_config.go:116.20,118.3 1 1
lurus-switch/bindings_config.go:119.2,119.44 1 1
lurus-switch/bindings_config.go:123.88,125.2 1 1
lurus-switch/bindings_config.go:128.76,131.2 2 1
lurus-switch/bindings_config.go:134.74,138.16 2 0
lurus-switch/bindings_config.go:138.16,140.3 1 0
lurus-switch/bindings_config.go:141.2,141.15 1 0
lurus-switch/bindings_config.go:141.15,143.3 1 0
lurus-switch/bindings_config.go:145.2,146.31 2 0
lurus-switch/bindings_config.go:154.61,156.2 1 1
lurus-switch/bindings_config.go:159.77,160.20 1 1
lurus-switch/bindings_config.go:160.20,162.3 1 1
lurus-switch/bindings_config.go:163.2,163.44 1 1
lurus-switch/bindings_config.go:167.75,168.20 1 1
lurus-switch/bindings_config.go:168.20,170.3 1 1
lurus-switch/bindings_config.go:171.2,171.39 1 1
lurus-switch/bindings_config.go:175.53,176.20 1 1
lurus-switch/bindings_config.go:176.20,178.3 1 1
lurus-switch/bindings_config.go:179.2,179.38 1 1
lurus-switch/bindings_config.go:183.53,184.20 1 1
lurus-switch/bindings_config.go:184.20,186.3 1 1
lurus-switch/bindings_config.go:187.2,187.45 1 1
lurus-switch/bindings_config.go:191.90,193.2 1 1
lurus-switch/bindings_config.go:196.69,199.2 2 1
lurus-switch/bindings_config.go:202.78,206.16 2 0
lurus-switch/bindings_config.go:206.16,208.3 1 0
lurus-switch/bindings_config.go:209.2,209.15 1 0
lurus-switch/bindings_config.go:209.15,211.3 1 0
lurus-switch/bindings_config.go:213.2,214.34 2 0
lurus-switch/bindings_config.go:222.65,224.2 1 0
lurus-switch/bindings_config.go:227.81,228.20 1 0
lurus-switch/bindings_config.go:228.20,230.3 1 0
lurus-switch/bindings_config.go:231.2,231.46 1 0
lurus-switch/bindings_config.go:235.79,236.20 1 0
lurus-switch/bindings_config.go:236.20,238.3 1 0
lurus-switch/bindings_config.go:239.2,239.41 1 0
lurus-switch/bindings_config.go:243.55,244.20 1 0
lurus-switch/bindings_config.go:244.20,246.3 1 0
lurus-switch/bindings_config.go:247.2,247.40 1 0
lurus-switch/bindings_config.go:251.55,252.20 1 0
lurus-switch/bindings_config.go:252.20,254.3 1 0
lurus-switch/bindings_config.go:255.2,255.47 1 0
lurus-switch/bindings_config.go:259.94,261.2 1 0
lurus-switch/bindings_config.go:264.82,267.2 2 0
lurus-switch/bindings_config.go:270.80,274.16 2 0
lurus-switch/bindings_config.go:274.16,276.3 1 0
lurus-switch/bindings_config.go:277.2,277.15 1 0
lurus-switch/bindings_config.go:277.15,279.3 1 0
lurus-switch/bindings_config.go:281.2,282.31 2 0
lurus-switch/bindings_config.go:290.65,292.2 1 0
lurus-switch/bindings_config.go:295.81,296.20 1 0
lurus-switch/bindings_config.go:296.20,298.3 1 0
lurus-switch/bindings_config.go:299.2,299.46 1 0
lurus-switch/bindings_config.go:303.79,304.20 1 0
lurus-switch/bindings_config.go:304.20,306.3 1 0
lurus-switch/bindings_config.go:307.2,307.41 1 0
lurus-switch/bindings_config.go:311.55,312.20 1 0
lurus-switch/bindings_config.go:312.20,314.3 1 0
lurus-switch/bindings_config.go:315.2,315.40 1 0
lurus-switch/bindings_config.go:319.55,320.20 1 0
lurus-switch/bindings_config.go:320.20,322.3 1 0
lurus-switch/bindings_config.go:323.2,323.47 1 0
lurus-switch/bindings_config.go:327.94,329.2 1 0
lurus-switch/bindings_config.go:332.82,335.2 2 0
lurus-switch/bindings_config.go:338.80,342.16 2 0
lurus-switch/bindings_config.go:342.16,344.3 1 0
lurus-switch/bindings_config.go:345.2,345.15 1 0
lurus-switch/bindings_config.go:345.15,347.3 1 0
lurus-switch/bindings_config.go:349.2,350.31 2 0
lurus-switch/bindings_mcp.go:16.57,17.21 1 0
lurus-switch/bindings_mcp.go:17.21,19.3 1 0
lurus-switch/bindings_mcp.go:20.2,20.31 1 0
lurus-switch/bindings_mcp.go:24.52,25.21 1 0
lurus-switch/bindings_mcp.go:25.21,27.3 1 0
lurus-switch/bindings_mcp.go:28.2,28.31 1 0
lurus-switch/bindings_mcp.go:32.48,33.21 1 0
lurus-switch/bindings_mcp.go:33.21,35.3 1 0
lurus-switch/bindings_mcp.go:36.2,36.34 1 0
lurus-switch/bindings_mcp.go:40.54,42.2 1 0
lurus-switch/bindings_mcp.go:45.77,47.2 1 0
lurus-switch/bindings_mcp.go:50.64,52.16 2 0
lurus-switch/bindings_mcp.go:52.16,54.3 1 0
lurus-switch/bindings_mcp.go:55.2,55.82 1 0
lurus-switch/bindings_mcp.go:59.67,61.16 2 0
lurus-switch/bindings_mcp.go:61.16,63.3 1 0
lurus-switch/bindings_mcp.go:64.2,64.90 1 0
lurus-switch/bindings_packaging.go:15.77,20.16 2 0
lurus-switch/bindings_packaging.go:20.16,22.3 1 0
lurus-switch/bindings_packaging.go:23.2,23.20 1 0
lurus-switch/bindings_packaging.go:23.20,25.3 1 0
lurus-switch/bindings_packaging.go:27.2,28.16 2 0
lurus-switch/bindings_packaging.go:28.16,30.3 1 0
lurus-switch/bindings_packaging.go:31.2,34.53 3 0
lurus-switch/bindings_packaging.go:34.53,36.3 1 0
lurus-switch/bindings_packaging.go:38.2,39.16 2 0
lurus-switch/bindings_packaging.go:39.16,41.3 1 0
lurus-switch/bindings_packaging.go:43.2,43.54 1 0
lurus-switch/bindings_packaging.go:43.54,45.3 1 0
lurus-switch/bindings_packaging.go:47.2,47.22 1 0
lurus-switch/bindings_packaging.go:51.67,52.19 1 0
lurus-switch/bindings_packaging.go:52.19,54.3 1 0
lurus-switch/bindings_packaging.go:56.2,57.16 2 0
lurus-switch/bindings_packaging.go:57.16,59.3 1 0
lurus-switch/bindings_packaging.go:61.2,61.35 1 0
lurus-switch/bindings_prompt.go:17.72,18.24 1 0
lurus-switch/bindings_prompt.go:18.24,20.3 1 0
lurus-switch/bindings_prompt.go:21.2,21.42 1 0
lurus-switch/bindings_prompt.go:25.52,26.24 1 0
lurus-switch/bindings_prompt.go:26.24,28.3 1 0
lurus-switch/bindings_prompt.go:29.2,29.34 1 0
lurus-switch/bindings_prompt.go:33.45,34.24 1 0
lurus-switch/bindings_prompt.go:34.24,36.3 1 0
lurus-switch/bindings_prompt.go:37.2,37.37 1 0
lurus-switch/bindings_prompt.go:41.54,43.2 1 0
lurus-switch/bindings_prompt.go:46.47,47.24 1 0
lurus-switch/bindings_prompt.go:47.24,49.3 1 0
lurus-switch/bindings_prompt.go:50.2,51.16 2 0
lurus-switch/bindings_prompt.go:51.16,53.3 1 0
lurus-switch/bindings_prompt.go:54.2,61.16 2 0
lurus-switch/bindings_prompt.go:61.16,63.3 1 0
lurus-switch/bindings_prompt.go:64.2,64.20 1 0
lurus-switch/bindings_prompt.go:64.20,66.3 1 0
lurus-switch/bindings_prompt.go:67.2,67.67 1 0
lurus-switch/bindings_prompt.go:67.67,69.3 1 0
lurus-switch/bindings_prompt.go:70.2,70.22 1 0
lurus-switch/bindings_prompt.go:74.44,75.24 1 0
lurus-switch/bindings_prompt.go:75.24,77.3 1 0
lurus-switch/bindings_prompt.go:78.2,84.16 2 0
lurus-switch/bindings_prompt.go:84.16,86.3 1 0
lurus-switch/bindings_prompt.go:87.2,87.20 1 0
lurus-switch/bindings_prompt.go:87.20,89.3 1 0
lurus-switch/bindings_prompt.go:90.2,91.16 2 0
lurus-switch/bindings_prompt.go:91.16,93.3 1 0
lurus-switch/bindings_prompt.go:94.2,94.49 1 0
lurus-switch/bindings_proxy.go:19.55,20.23 1 0
lurus-switch/bindings_proxy.go:20.23,22.3 1 0
lurus-switch/bindings_proxy.go:23.2,23.33 1 0
lurus-switch/bindings_proxy.go:27.63,28.23 1 0
lurus-switch/bindings_proxy.go:28.23,30.3 1 0
lurus-switch/bindings_proxy.go:31.2,31.66 1 0
lurus-switch/bindings_proxy.go:31.66,32.95 1 0
lurus-switch/bindings_proxy.go:32.95,34.4 1 0
lurus-switch/bindings_proxy.go:36.2,36.51 1 0
lurus-switch/bindings_proxy.go:36.51,38.3 1 0
lurus-switch/bindings_proxy.go:40.2,41.46 2 0
lurus-switch/bindings_proxy.go:41.46,43.3 1 0
lurus-switch/bindings_proxy.go:43.8,45.3 1 0
lurus-switch/bindings_proxy.go:46.2,47.12 2 0
lurus-switch/bindings_proxy.go:51.53,52.23 1 0
lurus-switch/bindings_proxy.go:52.23,54.3 1 0
lurus-switch/bindings_proxy.go:55.2,58.30 4 0
lurus-switch/bindings_proxy.go:58.30,60.3 1 0
lurus-switch/bindings_proxy.go:61.2,61.15 1 0
lurus-switch/bindings_proxy.go:69.63,71.2 1 0
lurus-switch/bindings_proxy.go:78.64,80.2 1 0
lurus-switch/bindings_proxy.go:83.63,85.2 1 0
lurus-switch/bindings_tools.go:17.74,19.2 1 0
lurus-switch/bindings_tools.go:22.74,24.36 2 0
lurus-switch/bindings_tools.go:24.36,27.19 1 0
lurus-switch/bindings_tools.go:27.19,29.4 1 0
lurus-switch/bindings_tools.go:31.2,31.20 1 0
lurus-switch/bindings_tools.go:35.59,37.2 1 0
lurus-switch/bindings_tools.go:40.73,42.36 2 0
lurus-switch/bindings_tools.go:42.36,45.19 1 0
lurus-switch/bindings_tools.go:45.19,47.4 1 0
lurus-switch/bindings_tools.go:49.2,49.20 1 0
lurus-switch/bindings_tools.go:53.58,55.2 1 0
lurus-switch/bindings_tools.go:58.76,60.36 2 0
lurus-switch/bindings_tools.go:60.36,63.19 1 0
lurus-switch/bindings_tools.go:63.19,65.4 1 0
lurus-switch/bindings_tools.go:67.2,67.20 1 0
lurus-switch/bindings_tools.go:71.61,73.2 1 0
lurus-switch/bindings_tools.go:80.69,82.2 1 0
lurus-switch/bindings_tools.go:85.72,87.2 1 0
lurus-switch/bindings_tools.go:94.64,97.37 3 0
lurus-switch/bindings_tools.go:97.37,98.23 1 0
lurus-switch/bindings_tools.go:98.23,100.4 1 0
lurus-switch/bindings_tools.go:102.2,102.49 1 0
lurus-switch/bindings_tools.go:106.62,108.2 1 0
lurus-switch/bindings_tools.go:111.39,113.2 1 0
lurus-switch/bindings_tools.go:116.38,118.2 1 0
lurus-switch/bindings_tools.go:125.44,127.2 1 0
lurus-switch/bindings_workspace.go:20.79,22.2 1 0
lurus-switch/bindings_workspace.go:25.60,27.2 1 0
lurus-switch/bindings_workspace.go:30.72,34.16 2 0
lurus-switch/bindings_workspace.go:34.16,36.3 1 0
lurus-switch/bindings_workspace.go:37.2,37.15 1 0
lurus-switch/bindings_workspace.go:37.15,39.3 1 0
lurus-switch/bindings_workspace.go:40.2,40.37 1 0
lurus-switch/bindings_workspace.go:48.60,49.26 1 0
lurus-switch/bindings_workspace.go:49.26,51.3 1 0
lurus-switch/bindings_workspace.go:52.2,53.16 2 0
lurus-switch/bindings_workspace.go:53.16,55.3 1 0
lurus-switch/bindings_workspace.go:56.2,56.54 1 0
lurus-switch/bindings_workspace.go:60.81,61.26 1 0
lurus-switch/bindings_workspace.go:61.26,63.3 1 0
lurus-switch/bindings_workspace.go:64.2,64.33 1 0
lurus-switch/bindings_workspace.go:68.60,69.26 1 0
lurus-switch/bindings_workspace.go:69.26,71.3 1 0
lurus-switch/bindings_workspace.go:72.2,73.16 2 0
lurus-switch/bindings_workspace.go:73.16,75.3 1 0
lurus-switch/bindings_workspace.go:76.2,76.46 1 0
lurus-switch/bindings_workspace.go:80.59,81.26 1 0
lurus-switch/bindings_workspace.go:81.26,83.3 1 0
lurus-switch/bindings_workspace.go:84.2,84.39 1 0
lurus-switch/bindings_workspace.go:88.74,89.26 1 0
lurus-switch/bindings_workspace.go:89.26,91.3 1 0
lurus-switch/bindings_workspace.go:92.2,92.43 1 0
lurus-switch/bindings_workspace.go:96.48,97.26 1 0
lurus-switch/bindings_workspace.go:97.26,99.3 1 0
lurus-switch/bindings_workspace.go:100.2,100.33 1 0
lurus-switch/bindings_workspace.go:104.50,105.24 1 0
lurus-switch/bindings_workspace.go:105.24,107.3 1 0
lurus-switch/bindings_workspace.go:108.2,108.35 1 0
lurus-switch/bindings_workspace.go:116.59,119.2 2 0
lurus-switch/bindings_workspace.go:122.59,124.2 1 0
lurus-switch/bindings_workspace.go:131.79,133.2 1 0
lurus-switch/bindings_workspace.go:136.58,138.36 2 0
lurus-switch/bindings_workspace.go:138.36,142.3 1 0
lurus-switch/bindings_workspace.go:143.2,143.12 1 0
lurus-switch/bindings_workspace.go:147.62,149.2 1 0
lurus-switch/bindings_workspace.go:152.52,154.2 1 0
lurus-switch/bindings_workspace.go:157.57,159.2 1 0
lurus-switch/helpers.go:15.38,16.47 1 1
lurus-switch/helpers.go:16.47,18.3 1 0
lurus-switch/helpers.go:20.2,23.24 3 1
lurus-switch/helpers.go:24.17,26.43 2 1
lurus-switch/helpers.go:27.16,29.23 2 0
lurus-switch/helpers.go:30.10,32.23 2 0
lurus-switch/helpers.go:35.2,35.43 1 1
lurus-switch/helpers.go:39.62,41.16 2 0
lurus-switch/helpers.go:41.16,43.3 1 0
lurus-switch/helpers.go:45.2,46.14 2 0
lurus-switch/helpers.go:47.16,48.65 1 0
lurus-switch/helpers.go:49.16,50.65 1 0
lurus-switch/helpers.go:51.10,52.79 1 0
lurus-switch/helpers.go:55.2,55.74 1 0
lurus-switch/helpers.go:59.72,61.16 2 0
lurus-switch/helpers.go:61.16,62.25 1 0
lurus-switch/helpers.go:62.25,64.4 1 0
lurus-switch/helpers.go:65.3,65.61 1 0
lurus-switch/helpers.go:68.2,69.51 2 0
lurus-switch/helpers.go:69.51,71.3 1 0
lurus-switch/helpers.go:73.2,73.28 1 0
lurus-switch/helpers.go:73.28,74.46 1 0
lurus-switch/helpers.go:74.46,76.4 1 0
lurus-switch/helpers.go:78.2,78.38 1 0
lurus-switch/helpers.go:82.69,84.16 2 0
lurus-switch/helpers.go:84.16,85.26 1 0
lurus-switch/helpers.go:85.26,87.4 1 0
lurus-switch/helpers.go:88.3,88.22 1 0
lurus-switch/helpers.go:91.2,92.51 2 0
lurus-switch/helpers.go:92.51,94.3 1 0
lurus-switch/helpers.go:96.2,100.16 4 0
lurus-switch/helpers.go:100.16,102.3 1 0
lurus-switch/helpers.go:104.2,104.62 1 0
lurus-switch/helpers.go:104.62,106.3 1 0
lurus-switch/helpers.go:108.2,108.38 1 0
lurus-switch/helpers.go:112.66,114.2 1 0
lurus-switch/helpers.go:117.54,119.2 1 0
lurus-switch/helpers.go:121.39,124.32 3 0
lurus-switch/helpers.go:124.32,125.20 1 0
lurus-switch/helpers.go:125.20,126.20 1 0
lurus-switch/helpers.go:126.20,129.5 2 0
lurus-switch/helpers.go:130.9,132.4 1 0
lurus-switch/helpers.go:134.2,134.18 1 0
lurus-switch/helpers.go:134.18,136.3 1 0
lurus-switch/helpers.go:137.2,137.14 1 0
lurus-switch/helpers.go:140.79,141.20 1 0
lurus-switch/helpers.go:141.20,144.3 2 0
lurus-switch/helpers.go:145.2,146.9 2 0
lurus-switch/helpers.go:146.9,149.3 2 0
lurus-switch/helpers.go:150.2,150.36 1 0
lurus-switch/main.go:14.13,33.16 3 0
lurus-switch/main.go:33.16,35.3 1 0
lurus-switch/internal/validator/validator.go:28.32,30.2 1 1
lurus-switch/internal/validator/validator.go:33.86,37.21 2 1
lurus-switch/internal/validator/validator.go:37.21,39.3 1 1
lurus-switch/internal/validator/validator.go:39.8,39.45 1 1
lurus-switch/internal/validator/validator.go:39.45,41.3 1 1
lurus-switch/internal/validator/validator.go:44.2,44.22 1 1
lurus-switch/internal/validator/validator.go:44.22,45.89 1 1
lurus-switch/internal/validator/validator.go:45.89,47.4 1 1
lurus-switch/internal/validator/validator.go:51.2,51.23 1 1
lurus-switch/internal/validator/validator.go:51.23,53.3 1 1
lurus-switch/internal/validator/validator.go:53.8,53.35 1 1
lurus-switch/internal/validator/validator.go:53.35,55.3 1 1
lurus-switch/internal/validator/validator.go:58.2,58.25 1 1
lurus-switch/internal/validator/validator.go:58.25,60.46 2 1
lurus-switch/internal/validator/validator.go:60.46,62.4 1 1
lurus-switch/internal/validator/validator.go:65.2,65.15 1 1
lurus-switch/internal/validator/validator.go:69.84,73.21 2 1
lurus-switch/internal/validator/validator.go:73.21,75.3 1 1
lurus-switch/internal/validator/validator.go:78.2,79.45 2 1
lurus-switch/internal/validator/validator.go:79.45,81.3 1 1
lurus-switch/internal/validator/validator.go:84.2,85.50 2 1
lurus-switch/internal/validator/validator.go:85.50,87.3 1 1
lurus-switch/internal/validator/validator.go:90.2,90.34 1 1
lurus-switch/internal/validator/validator.go:90.34,91.41 1 1
lurus-switch/internal/validator/validator.go:91.41,93.4 1 1
lurus-switch/internal/validator/validator.go:94.3,94.33 1 1
lurus-switch/internal/validator/validator.go:94.33,96.4 1 1
lurus-switch/internal/validator/validator.go:100.2,101.63 2 1
lurus-switch/internal/validator/validator.go:101.63,103.3 1 1
lurus-switch/internal/validator/validator.go:105.2,105.15 1 1
lurus-switch/internal/validator/validator.go:109.86,113.21 2 1
lurus-switch/internal/validator/validator.go:113.21,115.3 1 1
lurus-switch/internal/validator/validator.go:115.8,115.45 1 1
lurus-switch/internal/validator/validator.go:115.45,117.3 1 1
lurus-switch/internal/validator/validator.go:120.2,121.46 2 1
lurus-switch/internal/validator/validator.go:121.46,123.3 1 1
lurus-switch/internal/validator/validator.go:126.2,126.52 1 1
lurus-switch/internal/validator/validator.go:126.52,127.73 1 1
lurus-switch/internal/validator/validator.go:127.73,130.4 1 1
lurus-switch/internal/validator/validator.go:134.2,135.47 2 1
lurus-switch/internal/validator/validator.go:135.47,137.3 1 1
lurus-switch/internal/validator/validator.go:140.2,140.34 1 1
lurus-switch/internal/validator/validator.go:140.34,142.3 1 1
lurus-switch/internal/validator/validator.go:144.2,144.15 1 1
lurus-switch/internal/validator/validator.go:148.59,159.36 2 1
lurus-switch/internal/validator/validator.go:159.36,160.37 1 1
lurus-switch/internal/validator/validator.go:160.37,162.4 1 1
lurus-switch/internal/validator/validator.go:166.2,166.44 1 1
lurus-switch/internal/validator/validator.go:170.59,179.36 2 1
lurus-switch/internal/validator/validator.go:179.36,180.37 1 1
lurus-switch/internal/validator/validator.go:180.37,182.4 1 1
lurus-switch/internal/validator/validator.go:186.2,186.44 1 1
lurus-switch/internal/validator/validator.go:190.90,193.16 2 1
lurus-switch/internal/validator/validator.go:193.16,196.3 2 1
lurus-switch/internal/validator/validator.go:199.2,199.29 1 1
lurus-switch/internal/validator/validator.go:199.29,201.3 1 1
lurus-switch/internal/validator/validator.go:204.2,205.34 2 1
lurus-switch/internal/validator/validator.go:205.34,206.19 1 1
lurus-switch/internal/validator/validator.go:206.19,208.4 1 1
lurus-switch/internal/validator/validator.go:208.9,209.26 1 1
lurus-switch/internal/validator/validator.go:209.26,211.5 1 1
lurus-switch/internal/validator/validator.go:212.4,212.29 1 1
lurus-switch/internal/validator/validator.go:216.3,216.22 1 1
lurus-switch/internal/validator/validator.go:216.22,217.60 1 1
lurus-switch/internal/validator/validator.go:217.60,219.5 1 1
lurus-switch/internal/validator/validator.go:224.2,225.50 2 1
lurus-switch/internal/validator/validator.go:225.50,227.35 2 1
lurus-switch/internal/validator/validator.go:227.35,228.35 1 1
lurus-switch/internal/validator/validator.go:228.35,230.10 2 1
lurus-switch/internal/validator/validator.go:233.3,233.13 1 1
lurus-switch/internal/validator/validator.go:233.13,235.4 1 1
lurus-switch/internal/validator/validator.go:238.2,238.15 1 1
lurus-switch/internal/validator/validator.go:242.90,245.16 2 0
lurus-switch/internal/validator/validator.go:245.16,248.3 2 0
lurus-switch/internal/validator/validator.go:251.2,251.29 1 0
lurus-switch/internal/validator/validator.go:251.29,253.3 1 0
lurus-switch/internal/validator/validator.go:256.2,257.34 2 0
lurus-switch/internal/validator/validator.go:257.34,258.19 1 0
lurus-switch/internal/validator/validator.go:258.19,260.4 1 0
lurus-switch/internal/validator/validator.go:260.9,261.26 1 0
lurus-switch/internal/validator/validator.go:261.26,263.5 1 0
lurus-switch/internal/validator/validator.go:264.4,264.29 1 0
lurus-switch/internal/validator/validator.go:268.3,268.22 1 0
lurus-switch/internal/validator/validator.go:268.22,269.60 1 0
lurus-switch/internal/validator/validator.go:269.60,271.5 1 0
lurus-switch/internal/validator/validator.go:276.2,277.50 2 0
lurus-switch/internal/validator/validator.go:277.50,279.35 2 0
lurus-switch/internal/validator/validator.go:279.35,280.35 1 0
lurus-switch/internal/validator/validator.go:280.35,282.10 2 0
lurus-switch/internal/validator/validator.go:285.3,285.13 1 0
lurus-switch/internal/validator/validator.go:285.13,287.4 1 0
lurus-switch/internal/validator/validator.go:290.2,290.15 1 0
lurus-switch/internal/validator/validator.go:294.60,300.2 2 1
lurus-switch/internal/validator/validator.go:303.49,304.26 1 1
lurus-switch/internal/validator/validator.go:304.26,305.16 1 1
lurus-switch/internal/validator/validator.go:305.16,307.4 1 1
lurus-switch/internal/validator/validator.go:309.2,309.14 1 1
lurus-switch/internal/packager/bun_packager.go:18.45,20.16 2 1
lurus-switch/internal/packager/bun_packager.go:20.16,22.3 1 0
lurus-switch/internal/packager/bun_packager.go:23.2,23.44 1 1
lurus-switch/internal/packager/bun_packager.go:27.32,29.51 1 1
lurus-switch/internal/packager/bun_packager.go:29.51,31.3 1 1
lurus-switch/internal/packager/bun_packager.go:34.2,35.16 2 0
lurus-switch/internal/packager/bun_packager.go:35.16,37.3 1 0
lurus-switch/internal/packager/bun_packager.go:39.2,40.22 2 0
lurus-switch/internal/packager/bun_packager.go:41.17,45.4 1 0
lurus-switch/internal/packager/bun_packager.go:46.10,51.4 1 0
lurus-switch/internal/packager/bun_packager.go:54.2,54.39 1 0
lurus-switch/internal/packager/bun_packager.go:54.39,55.47 1 0
lurus-switch/internal/packager/bun_packager.go:55.47,57.4 1 0
lurus-switch/internal/packager/bun_packager.go:60.2,60.78 1 0
lurus-switch/internal/packager/bun_packager.go:64.67,67.16 2 0
lurus-switch/internal/packager/bun_packager.go:67.16,69.3 1 0
lurus-switch/internal/packager/bun_packager.go:70.2,75.80 4 0
lurus-switch/internal/packager/bun_packager.go:75.80,77.3 1 0
lurus-switch/internal/packager/bun_packager.go:80.2,87.103 2 0
lurus-switch/internal/packager/bun_packager.go:87.103,89.3 1 0
lurus-switch/internal/packager/bun_packager.go:92.2,95.18 3 0
lurus-switch/internal/packager/bun_packager.go:95.18,97.3 1 0
lurus-switch/internal/packager/bun_packager.go:97.8,99.3 1 0
lurus-switch/internal/packager/bun_packager.go:101.2,105.41 4 0
lurus-switch/internal/packager/bun_packager.go:105.41,107.3 1 0
lurus-switch/internal/packager/bun_packager.go:109.2,109.12 1 0
lurus-switch/internal/packager/bun_packager.go:113.64,163.2 2 1
lurus-switch/internal/packager/bun_packager.go:166.32,167.22 1 1
lurus-switch/internal/packager/bun_packager.go:168.17,169.32 1 1
lurus-switch/internal/packager/bun_packager.go:169.32,171.4 1 1
lurus-switch/internal/packager/bun_packager.go:172.3,172.12 1 0
lurus-switch/internal/packager/bun_packager.go:173.16,174.32 1 0
lurus-switch/internal/packager/bun_packager.go:174.32,176.4 1 0
lurus-switch/internal/packager/bun_packager.go:177.3,177.26 1 0
lurus-switch/internal/packager/bun_packager.go:178.15,179.32 1 0
lurus-switch/internal/packager/bun_packager.go:179.32,181.4 1 0
lurus-switch/internal/packager/bun_packager.go:182.3,182.25 1 0
lurus-switch/internal/packager/bun_packager.go:183.10,184.12 1 0
lurus-switch/internal/packager/bun_packager.go:189.43,191.2 1 1
lurus-switch/internal/packager/bun_packager.go:194.28,197.2 2 1
lurus-switch/internal/packager/node_packager.go:18.47,21.19 2 1
lurus-switch/internal/packager/node_packager.go:21.19,25.3 1 1
lurus-switch/internal/packager/node_packager.go:28.2,29.16 2 0
lurus-switch/internal/packager/node_packager.go:29.16,31.3 1 0
lurus-switch/internal/packager/node_packager.go:33.2,35.8 1 0
lurus-switch/internal/packager/node_packager.go:39.32,41.51 1 0
lurus-switch/internal/packager/node_packager.go:41.51,43.3 1 0
lurus-switch/internal/packager/node_packager.go:46.2,47.16 2 0
lurus-switch/internal/packager/node_packager.go:47.16,49.3 1 0
lurus-switch/internal/packager/node_packager.go:51.2,52.22 2 0
lurus-switch/internal/packager/node_packager.go:53.17,59.4 2 0
lurus-switch/internal/packager/node_packager.go:60.10,65.4 1 0
lurus-switch/internal/packager/node_packager.go:68.2,68.39 1 0
lurus-switch/internal/packager/node_packager.go:68.39,69.47 1 0
lurus-switch/internal/packager/node_packager.go:69.47,71.4 1 0
lurus-switch/internal/packager/node_packager.go:74.2,74.89 1 0
lurus-switch/internal/packager/node_packager.go:78.68,81.16 2 0
lurus-switch/internal/packager/node_packager.go:81.16,83.3 1 0
lurus-switch/internal/packager/node_packager.go:84.2,89.80 4 0
lurus-switch/internal/packager/node_packager.go:89.80,91.3 1 0
lurus-switch/internal/packager/node_packager.go:94.2,106.103 2 0
lurus-switch/internal/packager/node_packager.go:106.103,108.3 1 0
lurus-switch/internal/packager/node_packager.go:111.2,111.68 1 0
lurus-switch/internal/packager/node_packager.go:111.68,113.3 1 0
lurus-switch/internal/packager/node_packager.go:116.2,117.21 2 0
lurus-switch/internal/packager/node_packager.go:117.21,119.3 1 0
lurus-switch/internal/packager/node_packager.go:119.8,121.3 1 0
lurus-switch/internal/packager/node_packager.go:122.2,126.37 4 0
lurus-switch/internal/packager/node_packager.go:126.37,128.3 1 0
lurus-switch/internal/packager/node_packager.go:130.2,130.12 1 0
lurus-switch/internal/packager/node_packager.go:134.65,137.31 2 1
lurus-switch/internal/packager/node_packager.go:137.31,139.31 2 1
lurus-switch/internal/packager/node_packager.go:139.31,140.17 1 1
lurus-switch/internal/packager/node_packager.go:140.17,142.5 1 1
lurus-switch/internal/packager/node_packager.go:142.10,144.5 1 1
lurus-switch/internal/packager/node_packager.go:148.2,210.16 1 1
lurus-switch/internal/packager/node_packager.go:214.46,217.22 2 1
lurus-switch/internal/packager/node_packager.go:218.17,219.13 1 1
lurus-switch/internal/packager/node_packager.go:220.16,221.15 1 0
lurus-switch/internal/packager/node_packager.go:222.15,223.15 1 0
lurus-switch/internal/packager/node_packager.go:224.10,225.15 1 0
lurus-switch/internal/packager/node_packager.go:228.2,228.24 1 1
lurus-switch/internal/packager/node_packager.go:229.15,230.15 1 1
lurus-switch/internal/packager/node_packager.go:231.15,232.17 1 0
lurus-switch/internal/packager/node_packager.go:233.10,234.15 1 0
lurus-switch/internal/packager/node_packager.go:237.2,237.46 1 1
lurus-switch/internal/packager/node_packager.go:241.44,243.2 1 1
lurus-switch/internal/packager/node_packager.go:246.44,248.2 1 1
lurus-switch/internal/packager/node_packager.go:251.29,253.16 2 1
lurus-switch/internal/packager/node_packager.go:253.16,255.3 1 1
lurus-switch/internal/packager/node_packager.go:256.2,257.19 2 0
lurus-switch/internal/packager/rust_packager.go:32.47,34.16 2 1
lurus-switch/internal/packager/rust_packager.go:34.16,36.3 1 0
lurus-switch/internal/packager/rust_packager.go:37.2,37.47 1 1
lurus-switch/internal/packager/rust_packager.go:41.36,43.16 2 1
lurus-switch/internal/packager/rust_packager.go:43.16,45.3 1 0
lurus-switch/internal/packager/rust_packager.go:47.2,48.22 2 1
lurus-switch/internal/packager/rust_packager.go:49.17,50.79 1 1
lurus-switch/internal/packager/rust_packager.go:51.16,52.70 1 0
lurus-switch/internal/packager/rust_packager.go:53.10,55.21 2 0
lurus-switch/internal/packager/rust_packager.go:55.21,57.4 1 0
lurus-switch/internal/packager/rust_packager.go:58.3,58.53 1 0
lurus-switch/internal/packager/rust_packager.go:61.2,61.52 1 1
lurus-switch/internal/packager/rust_packager.go:61.52,63.3 1 0
lurus-switch/internal/packager/rust_packager.go:65.2,65.22 1 1
lurus-switch/internal/packager/rust_packager.go:69.70,72.21 2 1
lurus-switch/internal/packager/rust_packager.go:72.21,74.3 1 0
lurus-switch/internal/packager/rust_packager.go:77.2,78.47 2 1
lurus-switch/internal/packager/rust_packager.go:78.47,80.3 1 1
lurus-switch/internal/packager/rust_packager.go:83.2,84.25 2 0
lurus-switch/internal/packager/rust_packager.go:84.25,86.3 1 0
lurus-switch/internal/packager/rust_packager.go:88.2,89.16 2 0
lurus-switch/internal/packager/rust_packager.go:89.16,91.3 1 0
lurus-switch/internal/packager/rust_packager.go:92.2,94.38 2 0
lurus-switch/internal/packager/rust_packager.go:94.38,96.3 1 0
lurus-switch/internal/packager/rust_packager.go:98.2,99.68 2 0
lurus-switch/internal/packager/rust_packager.go:99.68,101.3 1 0
lurus-switch/internal/packager/rust_packager.go:104.2,105.39 2 0
lurus-switch/internal/packager/rust_packager.go:105.39,106.76 1 0
lurus-switch/internal/packager/rust_packager.go:106.76,108.9 2 0
lurus-switch/internal/packager/rust_packager.go:112.2,112.23 1 0
lurus-switch/internal/packager/rust_packager.go:112.23,114.3 1 0
lurus-switch/internal/packager/rust_packager.go:117.2,117.68 1 0
lurus-switch/internal/packager/rust_packager.go:117.68,119.3 1 0
lurus-switch/internal/packager/rust_packager.go:121.2,121.64 1 0
lurus-switch/internal/packager/rust_packager.go:121.64,123.3 1 0
lurus-switch/internal/packager/rust_packager.go:126.2,126.31 1 0
lurus-switch/internal/packager/rust_packager.go:126.31,127.52 1 0
lurus-switch/internal/packager/rust_packager.go:127.52,129.4 1 0
lurus-switch/internal/packager/rust_packager.go:132.2,132.24 1 0
lurus-switch/internal/packager/rust_packager.go:136.46,137.22 1 1
lurus-switch/internal/packager/rust_packager.go:138.17,139.32 1 1
lurus-switch/internal/packager/rust_packager.go:139.32,141.4 1 1
lurus-switch/internal/packager/rust_packager.go:142.16,143.32 1 0
lurus-switch/internal/packager/rust_packager.go:143.32,145.4 1 0
lurus-switch/internal/packager/rust_packager.go:146.3,146.28 1 0
lurus-switch/internal/packager/rust_packager.go:147.15,148.32 1 0
lurus-switch/internal/packager/rust_packager.go:148.32,150.4 1 0
lurus-switch/internal/packager/rust_packager.go:151.3,151.27 1 0
lurus-switch/internal/packager/rust_packager.go:153.2,153.11 1 0
lurus-switch/internal/packager/rust_packager.go:157.55,161.22 2 1
lurus-switch/internal/packager/rust_packager.go:162.17,163.75 1 1
lurus-switch/internal/packager/rust_packager.go:163.75,165.4 1 1
lurus-switch/internal/packager/rust_packager.go:166.16,167.112 1 0
lurus-switch/internal/packager/rust_packager.go:167.112,169.4 1 0
lurus-switch/internal/packager/rust_packager.go:170.15,171.39 1 0
lurus-switch/internal/packager/rust_packager.go:171.39,173.4 1 0
lurus-switch/internal/packager/rust_packager.go:174.10,175.15 1 0
lurus-switch/internal/packager/rust_packager.go:179.2,179.24 1 1
lurus-switch/internal/packager/rust_packager.go:180.15,181.110 1 1
lurus-switch/internal/packager/rust_packager.go:182.15,183.78 1 0
lurus-switch/internal/packager/rust_packager.go:186.2,186.14 1 0
lurus-switch/internal/packager/rust_packager.go:190.65,192.16 2 1
lurus-switch/internal/packager/rust_packager.go:192.16,194.3 1 1
lurus-switch/internal/packager/rust_packager.go:195.2,197.38 2 1
lurus-switch/internal/packager/rust_packager.go:197.38,199.3 1 1
lurus-switch/internal/packager/rust_packager.go:201.2,202.16 2 1
lurus-switch/internal/packager/rust_packager.go:202.16,204.3 1 1
lurus-switch/internal/packager/rust_packager.go:205.2,207.51 2 1
lurus-switch/internal/packager/rust_packager.go:207.51,209.3 1 0
lurus-switch/internal/packager/rust_packager.go:211.2,211.12 1 1
lurus-switch/internal/packager/rust_packager.go:215.93,218.16 2 1
lurus-switch/internal/packager/rust_packager.go:218.16,220.3 1 0
lurus-switch/internal/packager/rust_packager.go:222.2,222.53 1 1
lurus-switch/internal/packager/rust_packager.go:222.53,224.3 1 0
lurus-switch/internal/packager/rust_packager.go:227.2,228.59 2 1
lurus-switch/internal/packager/rust_packager.go:228.59,230.3 1 0
lurus-switch/internal/packager/rust_packager.go:232.2,232.24 1 1
lurus-switch/internal/packager/rust_packager.go:236.56,238.16 2 1
lurus-switch/internal/packager/rust_packager.go:238.16,240.3 1 1
lurus-switch/internal/packager/rust_packager.go:241.2,244.16 3 1
lurus-switch/internal/packager/rust_packager.go:244.16,246.3 1 0
lurus-switch/internal/packager/rust_packager.go:247.2,249.53 2 1
lurus-switch/internal/packager/rust_packager.go:249.53,251.3 1 0
lurus-switch/internal/packager/rust_packager.go:254.2,254.31 1 1
lurus-switch/internal/packager/rust_packager.go:254.31,256.17 2 0
lurus-switch/internal/packager/rust_packager.go:256.17,258.4 1 0
lurus-switch/internal/packager/rust_packager.go:261.2,261.12 1 1
lurus-switch/internal/packager/rust_packager.go:265.45,267.2 1 1
lurus-switch/internal/installer/claude_installer.go:22.58,24.2 1 1
lurus-switch/internal/installer/claude_installer.go:27.76,31.16 3 1
lurus-switch/internal/installer/claude_installer.go:31.16,33.3 1 0
lurus-switch/internal/installer/claude_installer.go:34.2,42.16 7 1
lurus-switch/internal/installer/claude_installer.go:42.16,47.3 3 0
lurus-switch/internal/installer/claude_installer.go:49.2,52.20 4 1
lurus-switch/internal/installer/claude_installer.go:56.80,58.16 2 1
lurus-switch/internal/installer/claude_installer.go:58.16,60.3 1 0
lurus-switch/internal/installer/claude_installer.go:62.2,68.16 6 1
lurus-switch/internal/installer/claude_installer.go:68.16,74.3 1 0
lurus-switch/internal/installer/claude_installer.go:77.2,78.39 2 1
lurus-switch/internal/installer/claude_installer.go:78.39,85.3 1 1
lurus-switch/internal/installer/claude_installer.go:87.2,91.8 1 0
lurus-switch/internal/installer/claude_installer.go:95.79,97.16 2 1
lurus-switch/internal/installer/claude_installer.go:97.16,99.3 1 0
lurus-switch/internal/installer/claude_installer.go:101.2,107.16 6 1
lurus-switch/internal/installer/claude_installer.go:107.16,113.3 1 0
lurus-switch/internal/installer/claude_installer.go:115.2,117.19 3 1
lurus-switch/internal/installer/claude_installer.go:117.19,119.3 1 1
lurus-switch/internal/installer/claude_installer.go:121.2,126.8 1 1
lurus-switch/internal/installer/claude_installer.go:130.82,132.16 2 0
lurus-switch/internal/installer/claude_installer.go:132.16,134.3 1 0
lurus-switch/internal/installer/claude_installer.go:136.2,142.16 6 0
lurus-switch/internal/installer/claude_installer.go:142.16,148.3 1 0
lurus-switch/internal/installer/claude_installer.go:150.2,154.8 1 0
lurus-switch/internal/installer/claude_installer.go:158.94,160.16 2 1
lurus-switch/internal/installer/claude_installer.go:160.16,162.3 1 0
lurus-switch/internal/installer/claude_installer.go:164.2,165.53 2 1
lurus-switch/internal/installer/claude_installer.go:165.53,167.3 1 0
lurus-switch/internal/installer/claude_installer.go:169.2,173.56 3 1
lurus-switch/internal/installer/claude_installer.go:173.56,174.57 1 0
lurus-switch/internal/installer/claude_installer.go:174.57,176.4 1 0
lurus-switch/internal/installer/claude_installer.go:180.2,181.9 2 1
lurus-switch/internal/installer/claude_installer.go:181.9,183.3 1 1
lurus-switch/internal/installer/claude_installer.go:184.2,184.18 1 1
lurus-switch/internal/installer/claude_installer.go:184.18,186.3 1 1
lurus-switch/internal/installer/claude_installer.go:187.2,187.20 1 1
lurus-switch/internal/installer/claude_installer.go:187.20,189.3 1 1
lurus-switch/internal/installer/claude_installer.go:190.2,193.16 3 1
lurus-switch/internal/installer/claude_installer.go:193.16,195.3 1 0
lurus-switch/internal/installer/claude_installer.go:197.2,197.63 1 1
lurus-switch/internal/installer/claude_installer.go:197.63,199.3 1 0
lurus-switch/internal/installer/claude_installer.go:201.2,201.12 1 1
lurus-switch/internal/installer/claude_installer.go:205.60,206.54 1 1
lurus-switch/internal/installer/claude_installer.go:206.54,208.3 1 1
lurus-switch/internal/installer/claude_installer.go:210.2,211.16 2 0
lurus-switch/internal/installer/claude_installer.go:211.16,213.3 1 0
lurus-switch/internal/installer/claude_installer.go:215.2,216.22 2 0
lurus-switch/internal/installer/claude_installer.go:217.17,221.4 1 0
lurus-switch/internal/installer/claude_installer.go:222.10,226.4 1 0
lurus-switch/internal/installer/claude_installer.go:229.2,229.39 1 0
lurus-switch/internal/installer/claude_installer.go:229.39,230.47 1 0
lurus-switch/internal/installer/claude_installer.go:230.47,232.4 1 0
lurus-switch/internal/installer/claude_installer.go:235.2,235.54 1 0
lurus-switch/internal/installer/claude_installer.go:239.43,242.17 3 1
lurus-switch/internal/installer/claude_installer.go:242.17,244.3 1 1
lurus-switch/internal/installer/claude_installer.go:245.2,245.14 1 1
lurus-switch/internal/installer/codex_installer.go:22.56,24.2 1 1
lurus-switch/internal/installer/codex_installer.go:27.75,31.16 3 1
lurus-switch/internal/installer/codex_installer.go:31.16,33.3 1 0
lurus-switch/internal/installer/codex_installer.go:34.2,41.16 7 1
lurus-switch/internal/installer/codex_installer.go:41.16,45.3 3 0
lurus-switch/internal/installer/codex_installer.go:47.2,50.20 4 1
lurus-switch/internal/installer/codex_installer.go:54.79,56.16 2 1
lurus-switch/internal/installer/codex_installer.go:56.16,58.3 1 0
lurus-switch/internal/installer/codex_installer.go:60.2,66.16 6 1
lurus-switch/internal/installer/codex_installer.go:66.16,72.3 1 0
lurus-switch/internal/installer/codex_installer.go:74.2,75.39 2 1
lurus-switch/internal/installer/codex_installer.go:75.39,82.3 1 1
lurus-switch/internal/installer/codex_installer.go:84.2,88.8 1 0
lurus-switch/internal/installer/codex_installer.go:92.78,94.16 2 1
lurus-switch/internal/installer/codex_installer.go:94.16,96.3 1 0
lurus-switch/internal/installer/codex_installer.go:98.2,104.16 6 1
lurus-switch/internal/installer/codex_installer.go:104.16,110.3 1 0
lurus-switch/internal/installer/codex_installer.go:112.2,114.19 3 1
lurus-switch/internal/installer/codex_installer.go:114.19,116.3 1 1
lurus-switch/internal/installer/codex_installer.go:118.2,123.8 1 1
lurus-switch/internal/installer/codex_installer.go:127.81,129.16 2 0
lurus-switch/internal/installer/codex_installer.go:129.16,131.3 1 0
lurus-switch/internal/installer/codex_installer.go:133.2,139.16 6 0
lurus-switch/internal/installer/codex_installer.go:139.16,145.3 1 0
lurus-switch/internal/installer/codex_installer.go:147.2,151.8 1 0
lurus-switch/internal/installer/codex_installer.go:155.93,157.16 2 1
lurus-switch/internal/installer/codex_installer.go:157.16,159.3 1 0
lurus-switch/internal/installer/codex_installer.go:161.2,162.53 2 1
lurus-switch/internal/installer/codex_installer.go:162.53,164.3 1 0
lurus-switch/internal/installer/codex_installer.go:166.2,180.54 5 1
lurus-switch/internal/installer/codex_installer.go:180.54,182.3 1 0
lurus-switch/internal/installer/codex_installer.go:184.2,185.20 2 1
lurus-switch/internal/installer/codex_installer.go:185.20,187.3 1 1
lurus-switch/internal/installer/codex_installer.go:189.2,191.40 3 1
lurus-switch/internal/installer/codex_installer.go:191.40,193.3 1 0
lurus-switch/internal/installer/codex_installer.go:195.2,195.77 1 1
lurus-switch/internal/installer/codex_installer.go:195.77,197.3 1 0
lurus-switch/internal/installer/codex_installer.go:200.2,200.18 1 1
lurus-switch/internal/installer/codex_installer.go:200.18,202.3 1 1
lurus-switch/internal/installer/codex_installer.go:203.2,203.20 1 1
lurus-switch/internal/installer/codex_installer.go:203.20,205.3 1 1
lurus-switch/internal/installer/codex_installer.go:207.2,207.12 1 1
lurus-switch/internal/installer/codex_installer.go:211.59,212.53 1 1
lurus-switch/internal/installer/codex_installer.go:212.53,214.3 1 1
lurus-switch/internal/installer/codex_installer.go:216.2,217.16 2 0
lurus-switch/internal/installer/codex_installer.go:217.16,219.3 1 0
lurus-switch/internal/installer/codex_installer.go:221.2,222.22 2 0
lurus-switch/internal/installer/codex_installer.go:223.17,227.4 1 0
lurus-switch/internal/installer/codex_installer.go:228.10,232.4 1 0
lurus-switch/internal/installer/codex_installer.go:235.2,235.39 1 0
lurus-switch/internal/installer/codex_installer.go:235.39,236.47 1 0
lurus-switch/internal/installer/codex_installer.go:236.47,238.4 1 0
lurus-switch/internal/installer/codex_installer.go:241.2,241.53 1 0
lurus-switch/internal/installer/exec_windows.go:13.32,18.2 1 1
lurus-switch/internal/installer/gemini_installer.go:20.58,22.2 1 1
lurus-switch/internal/installer/gemini_installer.go:25.76,29.16 3 1
lurus-switch/internal/installer/gemini_installer.go:29.16,31.3 1 0
lurus-switch/internal/installer/gemini_installer.go:32.2,39.16 7 1
lurus-switch/internal/installer/gemini_installer.go:39.16,43.3 3 1
lurus-switch/internal/installer/gemini_installer.go:45.2,48.20 4 0
lurus-switch/internal/installer/gemini_installer.go:52.80,54.16 2 1
lurus-switch/internal/installer/gemini_installer.go:54.16,56.3 1 0
lurus-switch/internal/installer/gemini_installer.go:58.2,64.16 6 1
lurus-switch/internal/installer/gemini_installer.go:64.16,70.3 1 1
lurus-switch/internal/installer/gemini_installer.go:72.2,73.39 2 0
lurus-switch/internal/installer/gemini_installer.go:73.39,80.3 1 0
lurus-switch/internal/installer/gemini_installer.go:82.2,86.8 1 0
lurus-switch/internal/installer/gemini_installer.go:90.79,92.16 2 1
lurus-switch/internal/installer/gemini_installer.go:92.16,94.3 1 0
lurus-switch/internal/installer/gemini_installer.go:96.2,102.16 6 1
lurus-switch/internal/installer/gemini_installer.go:102.16,108.3 1 0
lurus-switch/internal/installer/gemini_installer.go:110.2,112.19 3 1
lurus-switch/internal/installer/gemini_installer.go:112.19,114.3 1 1
lurus-switch/internal/installer/gemini_installer.go:116.2,121.8 1 1
lurus-switch/internal/installer/gemini_installer.go:125.82,127.16 2 0
lurus-switch/internal/installer/gemini_installer.go:127.16,129.3 1 0
lurus-switch/internal/installer/gemini_installer.go:131.2,137.16 6 0
lurus-switch/internal/installer/gemini_installer.go:137.16,143.3 1 0
lurus-switch/internal/installer/gemini_installer.go:145.2,149.8 1 0
lurus-switch/internal/installer/gemini_installer.go:153.94,156.18 1 1
lurus-switch/internal/installer/gemini_installer.go:156.18,158.3 1 1
lurus-switch/internal/installer/gemini_installer.go:159.2,159.20 1 1
lurus-switch/internal/installer/gemini_installer.go:159.20,161.3 1 1
lurus-switch/internal/installer/gemini_installer.go:164.2,165.16 2 1
lurus-switch/internal/installer/gemini_installer.go:165.16,167.3 1 0
lurus-switch/internal/installer/gemini_installer.go:169.2,170.53 2 1
lurus-switch/internal/installer/gemini_installer.go:170.53,172.3 1 0
lurus-switch/internal/installer/gemini_installer.go:175.2,182.82 3 1
lurus-switch/internal/installer/gemini_installer.go:182.82,184.3 1 0
lurus-switch/internal/installer/gemini_installer.go:186.2,186.12 1 1
lurus-switch/internal/installer/gemini_installer.go:190.60,191.54 1 1
lurus-switch/internal/installer/gemini_installer.go:191.54,193.3 1 1
lurus-switch/internal/installer/gemini_installer.go:195.2,196.16 2 0
lurus-switch/internal/installer/gemini_installer.go:196.16,198.3 1 0
lurus-switch/internal/installer/gemini_installer.go:200.2,201.22 2 0
lurus-switch/internal/installer/gemini_installer.go:202.17,206.4 1 0
lurus-switch/internal/installer/gemini_installer.go:207.10,211.4 1 0
lurus-switch/internal/installer/gemini_installer.go:214.2,214.39 1 0
lurus-switch/internal/installer/gemini_installer.go:214.39,215.47 1 0
lurus-switch/internal/installer/gemini_installer.go:215.47,217.4 1 0
lurus-switch/internal/installer/gemini_installer.go:220.2,220.54 1 0
lurus-switch/internal/installer/installer.go:47.28,59.2 2 1
lurus-switch/internal/installer/installer.go:62.82,64.39 2 1
lurus-switch/internal/installer/installer.go:64.39,66.17 2 1
lurus-switch/internal/installer/installer.go:66.17,73.12 2 0
lurus-switch/internal/installer/installer.go:75.3,75.25 1 1
lurus-switch/internal/installer/installer.go:77.2,77.21 1 1
lurus-switch/internal/installer/installer.go:81.89,83.9 2 1
lurus-switch/internal/installer/installer.go:83.9,85.3 1 1
lurus-switch/internal/installer/installer.go:86.2,86.26 1 0
lurus-switch/internal/installer/installer.go:90.67,93.29 3 1
lurus-switch/internal/installer/installer.go:93.29,95.17 2 1
lurus-switch/internal/installer/installer.go:95.17,101.12 2 0
lurus-switch/internal/installer/installer.go:103.3,103.37 1 1
lurus-switch/internal/installer/installer.go:105.2,105.16 1 1
lurus-switch/internal/installer/installer.go:109.88,111.9 2 1
lurus-switch/internal/installer/installer.go:111.9,113.3 1 1
lurus-switch/internal/installer/installer.go:114.2,114.25 1 0
lurus-switch/internal/installer/installer.go:118.66,121.29 3 1
lurus-switch/internal/installer/installer.go:121.29,123.17 2 1
lurus-switch/internal/installer/installer.go:123.17,129.12 2 0
lurus-switch/internal/installer/installer.go:131.3,131.37 1 1
lurus-switch/internal/installer/installer.go:133.2,133.16 1 1
lurus-switch/internal/installer/installer.go:137.91,139.9 2 0
lurus-switch/internal/installer/installer.go:139.9,141.3 1 0
lurus-switch/internal/installer/installer.go:142.2,142.28 1 0
lurus-switch/internal/installer/installer.go:146.69,149.29 3 0
lurus-switch/internal/installer/installer.go:149.29,151.17 2 0
lurus-switch/internal/installer/installer.go:151.17,157.12 2 0
lurus-switch/internal/installer/installer.go:159.3,159.37 1 0
lurus-switch/internal/installer/installer.go:161.2,161.16 1 0
lurus-switch/internal/installer/installer.go:165.100,167.39 2 1
lurus-switch/internal/installer/installer.go:167.39,169.38 2 1
lurus-switch/internal/installer/installer.go:169.38,170.12 1 1
lurus-switch/internal/installer/installer.go:172.3,172.68 1 1
lurus-switch/internal/installer/installer.go:172.68,174.4 1 0
lurus-switch/internal/installer/installer.go:176.2,176.13 1 1
lurus-switch/internal/installer/installer.go:180.44,182.2 1 1
lurus-switch/internal/installer/nullclaw_installer.go:19.48,21.2 1 1
lurus-switch/internal/installer/nullclaw_installer.go:24.78,28.16 3 1
lurus-switch/internal/installer/nullclaw_installer.go:28.16,30.3 1 1
lurus-switch/internal/installer/nullclaw_installer.go:31.2,38.16 7 0
lurus-switch/internal/installer/nullclaw_installer.go:38.16,43.3 3 0
lurus-switch/internal/installer/nullclaw_installer.go:45.2,48.20 4 0
lurus-switch/internal/installer/nullclaw_installer.go:52.82,54.16 2 1
lurus-switch/internal/installer/nullclaw_installer.go:54.16,56.3 1 0
lurus-switch/internal/installer/nullclaw_installer.go:58.2,64.16 6 1
lurus-switch/internal/installer/nullclaw_installer.go:64.16,70.3 1 1
lurus-switch/internal/installer/nullclaw_installer.go:73.2,74.39 2 0
lurus-switch/internal/installer/nullclaw_installer.go:74.39,81.3 1 0
lurus-switch/internal/installer/nullclaw_installer.go:83.2,87.8 1 0
lurus-switch/internal/installer/nullclaw_installer.go:91.81,93.16 2 1
lurus-switch/internal/installer/nullclaw_installer.go:93.16,95.3 1 0
lurus-switch/internal/installer/nullclaw_installer.go:97.2,103.16 6 1
lurus-switch/internal/installer/nullclaw_installer.go:103.16,109.3 1 1
lurus-switch/internal/installer/nullclaw_installer.go:111.2,113.19 3 0
lurus-switch/internal/installer/nullclaw_installer.go:113.19,115.3 1 0
lurus-switch/internal/installer/nullclaw_installer.go:117.2,122.8 1 0
lurus-switch/internal/installer/nullclaw_installer.go:126.84,128.16 2 0
lurus-switch/internal/installer/nullclaw_installer.go:128.16,130.3 1 0
lurus-switch/internal/installer/nullclaw_installer.go:132.2,138.16 6 0
lurus-switch/internal/installer/nullclaw_installer.go:138.16,144.3 1 0
lurus-switch/internal/installer/nullclaw_installer.go:146.2,150.8 1 0
lurus-switch/internal/installer/nullclaw_installer.go:154.96,156.16 2 0
lurus-switch/internal/installer/nullclaw_installer.go:156.16,158.3 1 0
lurus-switch/internal/installer/nullclaw_installer.go:160.2,161.53 2 0
lurus-switch/internal/installer/nullclaw_installer.go:161.53,163.3 1 0
lurus-switch/internal/installer/nullclaw_installer.go:165.2,169.54 3 0
lurus-switch/internal/installer/nullclaw_installer.go:169.54,170.52 1 0
lurus-switch/internal/installer/nullclaw_installer.go:170.52,172.4 1 0
lurus-switch/internal/installer/nullclaw_installer.go:176.2,185.30 4 0
lurus-switch/internal/installer/nullclaw_installer.go:185.30,186.50 1 0
lurus-switch/internal/installer/nullclaw_installer.go:186.50,187.38 1 0
lurus-switch/internal/installer/nullclaw_installer.go:187.38,190.10 3 0
lurus-switch/internal/installer/nullclaw_installer.go:194.2,194.12 1 0
lurus-switch/internal/installer/nullclaw_installer.go:194.12,196.3 1 0
lurus-switch/internal/installer/nullclaw_installer.go:197.2,200.16 3 0
lurus-switch/internal/installer/nullclaw_installer.go:200.16,202.3 1 0
lurus-switch/internal/installer/nullclaw_installer.go:204.2,204.61 1 0
lurus-switch/internal/installer/nullclaw_installer.go:204.61,206.3 1 0
lurus-switch/internal/installer/nullclaw_installer.go:208.2,208.12 1 0
lurus-switch/internal/installer/nullclaw_installer.go:212.62,213.53 1 1
lurus-switch/internal/installer/nullclaw_installer.go:213.53,215.3 1 0
lurus-switch/internal/installer/nullclaw_installer.go:217.2,218.16 2 1
lurus-switch/internal/installer/nullclaw_installer.go:218.16,220.3 1 0
lurus-switch/internal/installer/nullclaw_installer.go:222.2,223.22 2 1
lurus-switch/internal/installer/nullclaw_installer.go:224.17,231.4 5 1
lurus-switch/internal/installer/nullclaw_installer.go:232.10,236.4 1 0
lurus-switch/internal/installer/nullclaw_installer.go:239.2,239.39 1 1
lurus-switch/internal/installer/nullclaw_installer.go:239.39,240.47 1 1
lurus-switch/internal/installer/nullclaw_installer.go:240.47,242.4 1 0
lurus-switch/internal/installer/nullclaw_installer.go:245.2,245.53 1 1
lurus-switch/internal/installer/nullclaw_installer.go:249.58,250.53 1 1
lurus-switch/internal/installer/nullclaw_installer.go:250.53,251.51 1 1
lurus-switch/internal/installer/nullclaw_installer.go:251.51,253.4 1 1
lurus-switch/internal/installer/nullclaw_installer.go:255.2,255.51 1 0
lurus-switch/internal/installer/nullclaw_installer.go:259.81,260.19 1 1
lurus-switch/internal/installer/nullclaw_installer.go:260.19,262.3 1 0
lurus-switch/internal/installer/nullclaw_installer.go:264.2,266.56 3 1
lurus-switch/internal/installer/nullclaw_installer.go:266.56,268.3 1 1
lurus-switch/internal/installer/nullclaw_installer.go:270.2,271.56 2 1
lurus-switch/internal/installer/nullclaw_installer.go:271.56,273.3 1 1
lurus-switch/internal/installer/nullclaw_installer.go:275.2,275.16 1 1
lurus-switch/internal/installer/picoclaw_installer.go:19.48,21.2 1 1
lurus-switch/internal/installer/picoclaw_installer.go:24.78,28.16 3 1
lurus-switch/internal/installer/picoclaw_installer.go:28.16,30.3 1 1
lurus-switch/internal/installer/picoclaw_installer.go:31.2,39.16 7 0
lurus-switch/internal/installer/picoclaw_installer.go:39.16,44.3 3 0
lurus-switch/internal/installer/picoclaw_installer.go:46.2,49.20 4 0
lurus-switch/internal/installer/picoclaw_installer.go:53.82,55.16 2 1
lurus-switch/internal/installer/picoclaw_installer.go:55.16,57.3 1 0
lurus-switch/internal/installer/picoclaw_installer.go:59.2,65.16 6 1
lurus-switch/internal/installer/picoclaw_installer.go:65.16,71.3 1 1
lurus-switch/internal/installer/picoclaw_installer.go:74.2,75.39 2 0
lurus-switch/internal/installer/picoclaw_installer.go:75.39,82.3 1 0
lurus-switch/internal/installer/picoclaw_installer.go:84.2,88.8 1 0
lurus-switch/internal/installer/picoclaw_installer.go:92.81,94.16 2 1
lurus-switch/internal/installer/picoclaw_installer.go:94.16,96.3 1 0
lurus-switch/internal/installer/picoclaw_installer.go:98.2,104.16 6 1
lurus-switch/internal/installer/picoclaw_installer.go:104.16,110.3 1 1
lurus-switch/internal/installer/picoclaw_installer.go:112.2,114.19 3 0
lurus-switch/internal/installer/picoclaw_installer.go:114.19,116.3 1 0
lurus-switch/internal/installer/picoclaw_installer.go:118.2,123.8 1 0
lurus-switch/internal/installer/picoclaw_installer.go:127.84,129.16 2 0
lurus-switch/internal/installer/picoclaw_installer.go:129.16,131.3 1 0
lurus-switch/internal/installer/picoclaw_installer.go:133.2,139.16 6 0
lurus-switch/internal/installer/picoclaw_installer.go:139.16,145.3 1 0
lurus-switch/internal/installer/picoclaw_installer.go:147.2,151.8 1 0
lurus-switch/internal/installer/picoclaw_installer.go:155.96,157.16 2 1
lurus-switch/internal/installer/picoclaw_installer.go:157.16,159.3 1 0
lurus-switch/internal/installer/picoclaw_installer.go:161.2,162.53 2 1
lurus-switch/internal/installer/picoclaw_installer.go:162.53,164.3 1 0
lurus-switch/internal/installer/picoclaw_installer.go:166.2,170.54 3 1
lurus-switch/internal/installer/picoclaw_installer.go:170.54,171.52 1 1
lurus-switch/internal/installer/picoclaw_installer.go:171.52,174.4 1 1
lurus-switch/internal/installer/picoclaw_installer.go:178.2,187.30 4 1
lurus-switch/internal/installer/picoclaw_installer.go:187.30,188.50 1 1
lurus-switch/internal/installer/picoclaw_installer.go:188.50,189.38 1 1
lurus-switch/internal/installer/picoclaw_installer.go:189.38,192.10 3 1
lurus-switch/internal/installer/picoclaw_installer.go:196.2,196.12 1 1
lurus-switch/internal/installer/picoclaw_installer.go:196.12,198.3 1 1
lurus-switch/internal/installer/picoclaw_installer.go:199.2,202.16 3 1
lurus-switch/internal/installer/picoclaw_installer.go:202.16,204.3 1 0
lurus-switch/internal/installer/picoclaw_installer.go:206.2,206.61 1 1
lurus-switch/internal/installer/picoclaw_installer.go:206.61,208.3 1 0
lurus-switch/internal/installer/picoclaw_installer.go:210.2,210.12 1 1
lurus-switch/internal/installer/picoclaw_installer.go:214.62,215.53 1 1
lurus-switch/internal/installer/picoclaw_installer.go:215.53,217.3 1 0
lurus-switch/internal/installer/picoclaw_installer.go:219.2,220.16 2 1
lurus-switch/internal/installer/picoclaw_installer.go:220.16,222.3 1 0
lurus-switch/internal/installer/picoclaw_installer.go:224.2,225.22 2 1
lurus-switch/internal/installer/picoclaw_installer.go:226.17,234.4 5 1
lurus-switch/internal/installer/picoclaw_installer.go:235.10,239.4 1 0
lurus-switch/internal/installer/picoclaw_installer.go:242.2,242.39 1 1
lurus-switch/internal/installer/picoclaw_installer.go:242.39,243.47 1 1
lurus-switch/internal/installer/picoclaw_installer.go:243.47,245.4 1 0
lurus-switch/internal/installer/picoclaw_installer.go:248.2,248.53 1 1
lurus-switch/internal/installer/picoclaw_installer.go:252.58,254.53 1 1
lurus-switch/internal/installer/picoclaw_installer.go:254.53,255.51 1 1
lurus-switch/internal/installer/picoclaw_installer.go:255.51,257.4 1 1
lurus-switch/internal/installer/picoclaw_installer.go:259.2,259.51 1 0
lurus-switch/internal/installer/picoclaw_installer.go:263.81,264.19 1 1
lurus-switch/internal/installer/picoclaw_installer.go:264.19,266.3 1 0
lurus-switch/internal/installer/picoclaw_installer.go:268.2,270.56 3 1
lurus-switch/internal/installer/picoclaw_installer.go:270.56,272.3 1 1
lurus-switch/internal/installer/picoclaw_installer.go:274.2,275.56 2 1
lurus-switch/internal/installer/picoclaw_installer.go:275.56,277.3 1 1
lurus-switch/internal/installer/picoclaw_installer.go:279.2,279.16 1 1
lurus-switch/internal/installer/runtime.go:20.34,22.2 1 1
lurus-switch/internal/installer/runtime.go:25.48,26.21 1 1
lurus-switch/internal/installer/runtime.go:26.21,28.3 1 1
lurus-switch/internal/installer/runtime.go:31.2,31.51 1 1
lurus-switch/internal/installer/runtime.go:31.51,34.3 2 1
lurus-switch/internal/installer/runtime.go:36.2,37.16 2 0
lurus-switch/internal/installer/runtime.go:37.16,39.3 1 0
lurus-switch/internal/installer/runtime.go:41.2,42.22 2 0
lurus-switch/internal/installer/runtime.go:43.17,47.4 1 0
lurus-switch/internal/installer/runtime.go:48.10,53.4 1 0
lurus-switch/internal/installer/runtime.go:56.2,56.39 1 0
lurus-switch/internal/installer/runtime.go:56.39,57.47 1 0
lurus-switch/internal/installer/runtime.go:57.47,60.4 2 0
lurus-switch/internal/installer/runtime.go:63.2,63.76 1 0
lurus-switch/internal/installer/runtime.go:67.70,73.22 5 0
lurus-switch/internal/installer/runtime.go:74.17,75.92 1 0
lurus-switch/internal/installer/runtime.go:76.10,77.63 1 0
lurus-switch/internal/installer/runtime.go:79.2,82.16 3 0
lurus-switch/internal/installer/runtime.go:82.16,84.82 2 0
lurus-switch/internal/installer/runtime.go:84.82,86.4 1 0
lurus-switch/internal/installer/runtime.go:87.3,87.78 1 0
lurus-switch/internal/installer/runtime.go:91.2,93.16 3 0
lurus-switch/internal/installer/runtime.go:93.16,95.3 1 0
lurus-switch/internal/installer/runtime.go:97.2,98.22 2 0
lurus-switch/internal/installer/runtime.go:99.17,100.63 1 0
lurus-switch/internal/installer/runtime.go:101.10,102.59 1 0
lurus-switch/internal/installer/runtime.go:105.2,105.49 1 0
lurus-switch/internal/installer/runtime.go:105.49,108.3 2 0
lurus-switch/internal/installer/runtime.go:111.2,111.20 1 0
lurus-switch/internal/installer/runtime.go:115.69,116.42 1 1
lurus-switch/internal/installer/runtime.go:116.42,118.3 1 1
lurus-switch/internal/installer/runtime.go:119.2,119.26 1 0
lurus-switch/internal/installer/runtime.go:123.39,125.2 1 1
lurus-switch/internal/installer/runtime.go:128.41,131.2 2 0
lurus-switch/internal/updater/github_checker.go:33.58,39.2 1 1
lurus-switch/internal/updater/github_checker.go:42.87,46.16 3 1
lurus-switch/internal/updater/github_checker.go:46.16,48.3 1 0
lurus-switch/internal/updater/github_checker.go:49.2,52.16 3 1
lurus-switch/internal/updater/github_checker.go:52.16,59.3 1 0
lurus-switch/internal/updater/github_checker.go:60.2,62.38 2 1
lurus-switch/internal/updater/github_checker.go:62.38,64.3 1 1
lurus-switch/internal/updater/github_checker.go:66.2,67.68 2 1
lurus-switch/internal/updater/github_checker.go:67.68,69.3 1 1
lurus-switch/internal/updater/github_checker.go:71.2,75.39 3 1
lurus-switch/internal/updater/github_checker.go:75.39,76.39 1 1
lurus-switch/internal/updater/github_checker.go:76.39,78.9 2 1
lurus-switch/internal/updater/github_checker.go:82.2,88.8 1 1
lurus-switch/internal/updater/github_checker.go:92.45,95.112 2 1
lurus-switch/internal/updater/github_checker.go:95.112,97.3 1 1
lurus-switch/internal/updater/github_checker.go:98.2,98.14 1 1
lurus-switch/internal/updater/npm_checker.go:21.34,25.2 1 1
lurus-switch/internal/updater/npm_checker.go:33.91,37.16 3 1
lurus-switch/internal/updater/npm_checker.go:37.16,44.3 1 0
lurus-switch/internal/updater/npm_checker.go:45.2,47.38 2 1
lurus-switch/internal/updater/npm_checker.go:47.38,49.3 1 0
lurus-switch/internal/updater/npm_checker.go:51.2,52.65 2 1
lurus-switch/internal/updater/npm_checker.go:52.65,54.3 1 0
lurus-switch/internal/updater/npm_checker.go:56.2,61.8 1 1
lurus-switch/internal/updater/npm_checker.go:65.91,73.42 3 1
lurus-switch/internal/updater/npm_checker.go:73.42,76.17 3 1
lurus-switch/internal/updater/npm_checker.go:76.17,83.12 2 0
lurus-switch/internal/updater/npm_checker.go:85.3,86.27 2 1
lurus-switch/internal/updater/npm_checker.go:89.2,89.16 1 1
lurus-switch/internal/updater/npm_checker.go:93.43,97.65 3 1
lurus-switch/internal/updater/npm_checker.go:97.65,100.12 3 1
lurus-switch/internal/updater/npm_checker.go:100.12,102.4 1 1
lurus-switch/internal/updater/npm_checker.go:103.3,103.12 1 1
lurus-switch/internal/updater/npm_checker.go:103.12,105.4 1 1
lurus-switch/internal/updater/npm_checker.go:108.2,108.45 1 1
lurus-switch/internal/updater/npm_checker.go:112.33,114.23 2 1
lurus-switch/internal/updater/npm_checker.go:114.23,115.29 1 1
lurus-switch/internal/updater/npm_checker.go:115.29,117.4 1 1
lurus-switch/internal/updater/npm_checker.go:119.2,119.10 1 1
lurus-switch/internal/updater/self_updater.go:29.53,34.2 1 1
lurus-switch/internal/updater/self_updater.go:37.58,39.2 1 1
lurus-switch/internal/updater/self_updater.go:43.43,45.16 2 0
lurus-switch/internal/updater/self_updater.go:45.16,47.3 1 0
lurus-switch/internal/updater/self_updater.go:48.2,48.27 1 0
lurus-switch/internal/updater/self_updater.go:48.27,50.3 1 0
lurus-switch/internal/updater/self_updater.go:51.2,51.28 1 0
lurus-switch/internal/updater/self_updater.go:51.28,53.3 1 0
lurus-switch/internal/updater/self_updater.go:56.2,57.16 2 0
lurus-switch/internal/updater/self_updater.go:57.16,59.3 1 0
lurus-switch/internal/updater/self_updater.go:60.2,61.16 2 0
lurus-switch/internal/updater/self_updater.go:61.16,63.3 1 0
lurus-switch/internal/updater/self_updater.go:65.2,66.64 2 0
lurus-switch/internal/updater/self_updater.go:66.64,68.3 1 0
lurus-switch/internal/updater/self_updater.go:70.2,70.31 1 0
lurus-switch/internal/updater/self_updater.go:70.31,72.3 1 0
lurus-switch/internal/updater/self_updater.go:73.2,73.41 1 0
lurus-switch/internal/updater/self_updater.go:77.69,87.72 3 0
lurus-switch/internal/updater/self_updater.go:87.72,89.3 1 0
lurus-switch/internal/updater/self_updater.go:91.2,92.36 2 0
lurus-switch/internal/updater/self_updater.go:92.36,94.3 1 0
lurus-switch/internal/updater/self_updater.go:97.2,98.12 2 0
lurus-switch/internal/updater/self_updater.go:102.66,103.47 1 0
lurus-switch/internal/updater/self_updater.go:103.47,105.3 1 0
lurus-switch/internal/updater/self_updater.go:107.2,107.54 1 0
lurus-switch/internal/updater/self_updater.go:107.54,109.3 1 0
lurus-switch/internal/updater/self_updater.go:112.2,115.36 4 0
lurus-switch/internal/updater/self_updater.go:115.36,117.3 1 0
lurus-switch/internal/updater/self_updater.go:119.2,120.12 2 0
lurus-switch/internal/updater/self_updater.go:124.47,127.16 3 1
lurus-switch/internal/updater/self_updater.go:127.16,129.3 1 1
lurus-switch/internal/updater/self_updater.go:130.2,132.38 2 1
lurus-switch/internal/updater/self_updater.go:132.38,134.3 1 1
lurus-switch/internal/updater/self_updater.go:136.2,137.16 2 1
lurus-switch/internal/updater/self_updater.go:137.16,139.3 1 1
lurus-switch/internal/updater/self_updater.go:140.2,142.51 2 1
lurus-switch/internal/updater/self_updater.go:142.51,144.3 1 0
lurus-switch/internal/updater/self_updater.go:146.2,146.12 1 1
lurus-switch/internal/updater/self_updater.go:150.50,152.2 1 1
