mode: set
lurus-switch/internal/downloader/downloader.go:27.49,32.2 1 1
lurus-switch/internal/downloader/downloader.go:35.36,37.16 2 1
lurus-switch/internal/downloader/downloader.go:37.16,39.3 1 0
lurus-switch/internal/downloader/downloader.go:41.2,42.22 2 1
lurus-switch/internal/downloader/downloader.go:43.17,44.79 1 1
lurus-switch/internal/downloader/downloader.go:45.16,46.70 1 0
lurus-switch/internal/downloader/downloader.go:47.10,49.21 2 0
lurus-switch/internal/downloader/downloader.go:49.21,51.4 1 0
lurus-switch/internal/downloader/downloader.go:52.3,52.53 1 0
lurus-switch/internal/downloader/downloader.go:55.2,55.52 1 1
lurus-switch/internal/downloader/downloader.go:55.52,57.3 1 0
lurus-switch/internal/downloader/downloader.go:59.2,59.22 1 1
lurus-switch/internal/downloader/downloader.go:63.78,67.48 2 1
lurus-switch/internal/downloader/downloader.go:67.48,72.3 1 1
lurus-switch/internal/downloader/downloader.go:74.2,75.16 2 1
lurus-switch/internal/downloader/downloader.go:75.16,77.3 1 1
lurus-switch/internal/downloader/downloader.go:78.2,80.38 2 1
lurus-switch/internal/downloader/downloader.go:80.38,82.3 1 1
lurus-switch/internal/downloader/downloader.go:84.2,84.66 1 1
lurus-switch/internal/downloader/downloader.go:84.66,86.3 1 0
lurus-switch/internal/downloader/downloader.go:88.2,89.16 2 1
lurus-switch/internal/downloader/downloader.go:89.16,91.3 1 0
lurus-switch/internal/downloader/downloader.go:92.2,95.16 3 1
lurus-switch/internal/downloader/downloader.go:95.16,98.3 2 0
lurus-switch/internal/downloader/downloader.go:100.2,103.8 1 1
lurus-switch/internal/downloader/downloader.go:107.70,109.16 2 1
lurus-switch/internal/downloader/downloader.go:109.16,111.3 1 1
lurus-switch/internal/downloader/downloader.go:112.2,114.38 2 1
lurus-switch/internal/downloader/downloader.go:114.38,116.3 1 1
lurus-switch/internal/downloader/downloader.go:118.2,118.66 1 1
lurus-switch/internal/downloader/downloader.go:118.66,120.3 1 1
lurus-switch/internal/downloader/downloader.go:122.2,122.12 1 1
lurus-switch/internal/downloader/downloader.go:126.41,128.2 1 1
lurus-switch/internal/generator/claude_generator.go:16.44,18.2 1 1
lurus-switch/internal/generator/claude_generator.go:21.96,22.53 1 1
lurus-switch/internal/generator/claude_generator.go:22.53,24.3 1 0
lurus-switch/internal/generator/claude_generator.go:26.2,29.16 3 1
lurus-switch/internal/generator/claude_generator.go:29.16,31.3 1 0
lurus-switch/internal/generator/claude_generator.go:33.2,33.61 1 1
lurus-switch/internal/generator/claude_generator.go:33.61,35.3 1 0
lurus-switch/internal/generator/claude_generator.go:37.2,37.24 1 1
lurus-switch/internal/generator/claude_generator.go:41.84,43.16 2 1
lurus-switch/internal/generator/claude_generator.go:43.16,45.3 1 0
lurus-switch/internal/generator/claude_generator.go:46.2,46.26 1 1
lurus-switch/internal/generator/claude_generator.go:50.77,54.34 3 0
lurus-switch/internal/generator/claude_generator.go:54.34,57.3 2 0
lurus-switch/internal/generator/claude_generator.go:59.2,59.21 1 0
lurus-switch/internal/generator/claude_generator.go:59.21,62.3 2 0
lurus-switch/internal/generator/claude_generator.go:64.2,64.49 1 0
lurus-switch/internal/generator/claude_generator.go:64.49,66.58 2 0
lurus-switch/internal/generator/claude_generator.go:66.58,68.4 1 0
lurus-switch/internal/generator/claude_generator.go:69.3,69.13 1 0
lurus-switch/internal/generator/claude_generator.go:72.2,72.11 1 0
lurus-switch/internal/generator/claude_generator.go:76.68,77.21 1 1
lurus-switch/internal/generator/claude_generator.go:77.21,79.3 1 1
lurus-switch/internal/generator/claude_generator.go:82.2,82.46 1 1
lurus-switch/internal/generator/claude_generator.go:82.46,84.3 1 0
lurus-switch/internal/generator/claude_generator.go:87.2,87.23 1 1
lurus-switch/internal/generator/claude_generator.go:87.23,89.3 1 1
lurus-switch/internal/generator/claude_generator.go:92.2,92.25 1 1
lurus-switch/internal/generator/claude_generator.go:92.25,94.36 2 0
lurus-switch/internal/generator/claude_generator.go:94.36,96.4 1 0
lurus-switch/internal/generator/claude_generator.go:99.2,99.12 1 1
lurus-switch/internal/generator/codex_generator.go:18.42,20.2 1 1
lurus-switch/internal/generator/codex_generator.go:23.94,24.53 1 1
lurus-switch/internal/generator/codex_generator.go:24.53,26.3 1 0
lurus-switch/internal/generator/codex_generator.go:28.2,31.16 3 1
lurus-switch/internal/generator/codex_generator.go:31.16,33.3 1 0
lurus-switch/internal/generator/codex_generator.go:35.2,35.72 1 1
lurus-switch/internal/generator/codex_generator.go:35.72,37.3 1 0
lurus-switch/internal/generator/codex_generator.go:39.2,39.24 1 1
lurus-switch/internal/generator/codex_generator.go:43.82,53.44 6 1
lurus-switch/internal/generator/codex_generator.go:53.44,55.3 1 0
lurus-switch/internal/generator/codex_generator.go:57.2,57.26 1 1
lurus-switch/internal/generator/codex_generator.go:61.133,62.53 1 1
lurus-switch/internal/generator/codex_generator.go:62.53,64.3 1 0
lurus-switch/internal/generator/codex_generator.go:66.2,70.16 3 1
lurus-switch/internal/generator/codex_generator.go:70.16,72.3 1 0
lurus-switch/internal/generator/codex_generator.go:73.2,76.24 2 1
lurus-switch/internal/generator/codex_generator.go:76.24,78.84 2 1
lurus-switch/internal/generator/codex_generator.go:78.84,80.4 1 0
lurus-switch/internal/generator/codex_generator.go:81.3,81.42 1 1
lurus-switch/internal/generator/codex_generator.go:84.2,84.19 1 1
lurus-switch/internal/generator/codex_generator.go:88.66,89.21 1 1
lurus-switch/internal/generator/codex_generator.go:89.21,91.3 1 1
lurus-switch/internal/generator/codex_generator.go:94.2,95.35 2 1
lurus-switch/internal/generator/codex_generator.go:95.35,97.3 1 1
lurus-switch/internal/generator/codex_generator.go:100.2,101.40 2 1
lurus-switch/internal/generator/codex_generator.go:101.40,103.3 1 1
lurus-switch/internal/generator/codex_generator.go:106.2,106.72 1 1
lurus-switch/internal/generator/codex_generator.go:106.72,108.3 1 1
lurus-switch/internal/generator/codex_generator.go:111.2,112.53 2 1
lurus-switch/internal/generator/codex_generator.go:112.53,114.3 1 1
lurus-switch/internal/generator/codex_generator.go:116.2,116.12 1 1
lurus-switch/internal/generator/gemini_generator.go:17.44,19.2 1 1
lurus-switch/internal/generator/gemini_generator.go:22.96,23.53 1 1
lurus-switch/internal/generator/gemini_generator.go:23.53,25.3 1 0
lurus-switch/internal/generator/gemini_generator.go:27.2,30.72 3 1
lurus-switch/internal/generator/gemini_generator.go:30.72,32.3 1 0
lurus-switch/internal/generator/gemini_generator.go:34.2,34.24 1 1
lurus-switch/internal/generator/gemini_generator.go:38.77,45.47 4 1
lurus-switch/internal/generator/gemini_generator.go:45.47,49.3 3 1
lurus-switch/internal/generator/gemini_generator.go:52.2,52.38 1 1
lurus-switch/internal/generator/gemini_generator.go:52.38,56.3 3 1
lurus-switch/internal/generator/gemini_generator.go:59.2,59.38 1 1
lurus-switch/internal/generator/gemini_generator.go:59.38,63.3 3 1
lurus-switch/internal/generator/gemini_generator.go:66.2,66.43 1 1
lurus-switch/internal/generator/gemini_generator.go:66.43,68.53 2 1
lurus-switch/internal/generator/gemini_generator.go:68.53,72.4 3 1
lurus-switch/internal/generator/gemini_generator.go:73.3,73.23 1 1
lurus-switch/internal/generator/gemini_generator.go:77.2,77.42 1 1
lurus-switch/internal/generator/gemini_generator.go:77.42,82.3 4 1
lurus-switch/internal/generator/gemini_generator.go:85.2,85.46 1 1
lurus-switch/internal/generator/gemini_generator.go:85.46,89.3 3 1
lurus-switch/internal/generator/gemini_generator.go:91.2,91.20 1 1
lurus-switch/internal/generator/gemini_generator.go:95.106,96.53 1 1
lurus-switch/internal/generator/gemini_generator.go:96.53,98.3 1 0
lurus-switch/internal/generator/gemini_generator.go:101.2,118.39 2 1
lurus-switch/internal/generator/gemini_generator.go:118.39,120.3 1 1
lurus-switch/internal/generator/gemini_generator.go:122.2,122.45 1 1
lurus-switch/internal/generator/gemini_generator.go:122.45,124.3 1 1
lurus-switch/internal/generator/gemini_generator.go:126.2,128.16 3 1
lurus-switch/internal/generator/gemini_generator.go:128.16,130.3 1 0
lurus-switch/internal/generator/gemini_generator.go:132.2,132.61 1 1
lurus-switch/internal/generator/gemini_generator.go:132.61,134.3 1 0
lurus-switch/internal/generator/gemini_generator.go:136.2,136.24 1 1
lurus-switch/internal/generator/gemini_generator.go:140.101,145.16 3 1
lurus-switch/internal/generator/gemini_generator.go:145.16,147.3 1 0
lurus-switch/internal/generator/gemini_generator.go:148.2,152.16 3 1
lurus-switch/internal/generator/gemini_generator.go:152.16,154.3 1 0
lurus-switch/internal/generator/gemini_generator.go:155.2,157.19 2 1
lurus-switch/internal/generator/gemini_generator.go:161.68,162.21 1 1
lurus-switch/internal/generator/gemini_generator.go:162.21,164.3 1 1
lurus-switch/internal/generator/gemini_generator.go:167.2,168.36 2 1
lurus-switch/internal/generator/gemini_generator.go:168.36,170.3 1 1
lurus-switch/internal/generator/gemini_generator.go:173.2,174.37 2 1
lurus-switch/internal/generator/gemini_generator.go:174.37,176.3 1 1
lurus-switch/internal/generator/gemini_generator.go:179.2,179.34 1 1
lurus-switch/internal/generator/gemini_generator.go:179.34,181.3 1 1
lurus-switch/internal/generator/gemini_generator.go:183.2,183.12 1 1
lurus-switch/internal/config/claude.go:84.38,104.2 1 1
lurus-switch/internal/config/codex.go:104.36,133.2 1 1
lurus-switch/internal/config/gemini.go:75.38,95.2 1 1
lurus-switch/internal/config/gemini.go:98.50,102.45 3 1
lurus-switch/internal/config/gemini.go:102.45,105.3 2 1
lurus-switch/internal/config/gemini.go:107.2,107.36 1 1
lurus-switch/internal/config/gemini.go:107.36,110.3 2 1
lurus-switch/internal/config/gemini.go:112.2,112.36 1 1
lurus-switch/internal/config/gemini.go:112.36,115.3 2 1
lurus-switch/internal/config/gemini.go:117.2,117.41 1 1
lurus-switch/internal/config/gemini.go:117.41,119.51 2 1
lurus-switch/internal/config/gemini.go:119.51,121.4 1 1
lurus-switch/internal/config/gemini.go:122.3,122.13 1 1
lurus-switch/internal/config/gemini.go:125.2,125.40 1 1
lurus-switch/internal/config/gemini.go:125.40,128.3 2 1
lurus-switch/internal/config/gemini.go:130.2,130.44 1 1
lurus-switch/internal/config/gemini.go:130.44,133.3 2 1
lurus-switch/internal/config/gemini.go:135.2,135.11 1 1
lurus-switch/internal/config/store.go:17.33,19.16 2 1
lurus-switch/internal/config/store.go:19.16,21.3 1 0
lurus-switch/internal/config/store.go:24.2,24.53 1 1
lurus-switch/internal/config/store.go:24.53,26.3 1 0
lurus-switch/internal/config/store.go:28.2,28.42 1 1
lurus-switch/internal/config/store.go:32.37,35.22 2 1
lurus-switch/internal/config/store.go:36.17,38.20 2 1
lurus-switch/internal/config/store.go:38.20,40.4 1 0
lurus-switch/internal/config/store.go:41.16,43.17 2 0
lurus-switch/internal/config/store.go:43.17,45.4 1 0
lurus-switch/internal/config/store.go:46.3,46.66 1 0
lurus-switch/internal/config/store.go:47.10,49.20 2 0
lurus-switch/internal/config/store.go:49.20,51.18 2 0
lurus-switch/internal/config/store.go:51.18,53.5 1 0
lurus-switch/internal/config/store.go:54.4,54.44 1 0
lurus-switch/internal/config/store.go:58.2,58.63 1 1
lurus-switch/internal/config/store.go:62.39,64.2 1 1
lurus-switch/internal/config/store.go:67.75,69.2 1 1
lurus-switch/internal/config/store.go:72.70,74.62 2 1
lurus-switch/internal/config/store.go:74.62,76.3 1 1
lurus-switch/internal/config/store.go:77.2,77.21 1 1
lurus-switch/internal/config/store.go:81.73,83.2 1 1
lurus-switch/internal/config/store.go:86.68,88.61 2 1
lurus-switch/internal/config/store.go:88.61,90.3 1 1
lurus-switch/internal/config/store.go:91.2,91.21 1 1
lurus-switch/internal/config/store.go:95.75,97.2 1 1
lurus-switch/internal/config/store.go:100.70,102.62 2 1
lurus-switch/internal/config/store.go:102.62,104.3 1 1
lurus-switch/internal/config/store.go:105.2,105.21 1 1
lurus-switch/internal/config/store.go:109.60,111.52 2 1
lurus-switch/internal/config/store.go:111.52,113.3 1 1
lurus-switch/internal/config/store.go:115.2,116.16 2 1
lurus-switch/internal/config/store.go:116.16,118.3 1 0
lurus-switch/internal/config/store.go:120.2,121.32 2 1
lurus-switch/internal/config/store.go:121.32,122.62 1 1
lurus-switch/internal/config/store.go:122.62,125.4 2 1
lurus-switch/internal/config/store.go:128.2,128.19 1 1
lurus-switch/internal/config/store.go:132.55,134.46 2 1
lurus-switch/internal/config/store.go:134.46,135.25 1 1
lurus-switch/internal/config/store.go:135.25,137.4 1 1
lurus-switch/internal/config/store.go:138.3,138.56 1 0
lurus-switch/internal/config/store.go:140.2,140.12 1 1
lurus-switch/internal/config/store.go:144.73,146.51 2 1
lurus-switch/internal/config/store.go:146.51,148.3 1 0
lurus-switch/internal/config/store.go:150.2,152.16 3 1
lurus-switch/internal/config/store.go:152.16,154.3 1 0
lurus-switch/internal/config/store.go:156.2,156.61 1 1
lurus-switch/internal/config/store.go:156.61,158.3 1 0
lurus-switch/internal/config/store.go:160.2,160.12 1 1
lurus-switch/internal/config/store.go:164.73,167.16 3 1
lurus-switch/internal/config/store.go:167.16,168.25 1 1
lurus-switch/internal/config/store.go:168.25,170.4 1 1
lurus-switch/internal/config/store.go:171.3,171.59 1 0
lurus-switch/internal/config/store.go:174.2,174.53 1 1
lurus-switch/internal/config/store.go:174.53,176.3 1 1
lurus-switch/internal/config/store.go:178.2,178.12 1 1
lurus-switch/internal/validator/validator.go:27.32,29.2 1 1
lurus-switch/internal/validator/validator.go:32.86,36.21 2 1
lurus-switch/internal/validator/validator.go:36.21,38.3 1 1
lurus-switch/internal/validator/validator.go:38.8,38.45 1 1
lurus-switch/internal/validator/validator.go:38.45,40.3 1 1
lurus-switch/internal/validator/validator.go:43.2,43.22 1 1
lurus-switch/internal/validator/validator.go:43.22,44.89 1 1
lurus-switch/internal/validator/validator.go:44.89,46.4 1 1
lurus-switch/internal/validator/validator.go:50.2,50.23 1 1
lurus-switch/internal/validator/validator.go:50.23,52.3 1 1
lurus-switch/internal/validator/validator.go:52.8,52.35 1 1
lurus-switch/internal/validator/validator.go:52.35,54.3 1 1
lurus-switch/internal/validator/validator.go:57.2,57.25 1 1
lurus-switch/internal/validator/validator.go:57.25,59.46 2 1
lurus-switch/internal/validator/validator.go:59.46,61.4 1 1
lurus-switch/internal/validator/validator.go:64.2,64.15 1 1
lurus-switch/internal/validator/validator.go:68.84,72.21 2 1
lurus-switch/internal/validator/validator.go:72.21,74.3 1 1
lurus-switch/internal/validator/validator.go:77.2,78.45 2 1
lurus-switch/internal/validator/validator.go:78.45,80.3 1 1
lurus-switch/internal/validator/validator.go:83.2,84.50 2 1
lurus-switch/internal/validator/validator.go:84.50,86.3 1 1
lurus-switch/internal/validator/validator.go:89.2,89.34 1 1
lurus-switch/internal/validator/validator.go:89.34,90.41 1 1
lurus-switch/internal/validator/validator.go:90.41,92.4 1 1
lurus-switch/internal/validator/validator.go:93.3,93.33 1 1
lurus-switch/internal/validator/validator.go:93.33,95.4 1 1
lurus-switch/internal/validator/validator.go:99.2,100.63 2 1
lurus-switch/internal/validator/validator.go:100.63,102.3 1 1
lurus-switch/internal/validator/validator.go:104.2,104.15 1 1
lurus-switch/internal/validator/validator.go:108.86,112.21 2 1
lurus-switch/internal/validator/validator.go:112.21,114.3 1 1
lurus-switch/internal/validator/validator.go:114.8,114.45 1 1
lurus-switch/internal/validator/validator.go:114.45,116.3 1 1
lurus-switch/internal/validator/validator.go:119.2,120.46 2 1
lurus-switch/internal/validator/validator.go:120.46,122.3 1 1
lurus-switch/internal/validator/validator.go:125.2,125.52 1 1
lurus-switch/internal/validator/validator.go:125.52,126.73 1 1
lurus-switch/internal/validator/validator.go:126.73,129.4 1 1
lurus-switch/internal/validator/validator.go:133.2,134.47 2 1
lurus-switch/internal/validator/validator.go:134.47,136.3 1 1
lurus-switch/internal/validator/validator.go:139.2,139.34 1 1
lurus-switch/internal/validator/validator.go:139.34,141.3 1 1
lurus-switch/internal/validator/validator.go:143.2,143.15 1 1
lurus-switch/internal/validator/validator.go:147.59,158.36 2 1
lurus-switch/internal/validator/validator.go:158.36,159.37 1 1
lurus-switch/internal/validator/validator.go:159.37,161.4 1 1
lurus-switch/internal/validator/validator.go:165.2,165.44 1 1
lurus-switch/internal/validator/validator.go:169.59,178.36 2 1
lurus-switch/internal/validator/validator.go:178.36,179.37 1 1
lurus-switch/internal/validator/validator.go:179.37,181.4 1 1
lurus-switch/internal/validator/validator.go:185.2,185.44 1 1
lurus-switch/internal/validator/validator.go:189.60,195.2 2 1
lurus-switch/internal/validator/validator.go:198.49,199.26 1 1
lurus-switch/internal/validator/validator.go:199.26,200.16 1 1
lurus-switch/internal/validator/validator.go:200.16,202.4 1 1
lurus-switch/internal/validator/validator.go:204.2,204.14 1 1
lurus-switch/app.go:27.20,29.16 2 1
lurus-switch/app.go:29.16,32.3 1 0
lurus-switch/app.go:34.2,37.3 1 1
lurus-switch/app.go:42.44,44.2 1 1
lurus-switch/app.go:51.61,53.2 1 1
lurus-switch/app.go:56.77,57.20 1 1
lurus-switch/app.go:57.20,59.3 1 1
lurus-switch/app.go:60.2,60.44 1 1
lurus-switch/app.go:64.75,65.20 1 1
lurus-switch/app.go:65.20,67.3 1 1
lurus-switch/app.go:68.2,68.39 1 1
lurus-switch/app.go:72.53,73.20 1 1
lurus-switch/app.go:73.20,75.3 1 1
lurus-switch/app.go:76.2,76.38 1 1
lurus-switch/app.go:80.53,81.20 1 1
lurus-switch/app.go:81.20,83.3 1 1
lurus-switch/app.go:84.2,84.45 1 1
lurus-switch/app.go:88.90,90.2 1 1
lurus-switch/app.go:93.78,96.2 2 1
lurus-switch/app.go:99.76,103.16 2 0
lurus-switch/app.go:103.16,105.3 1 0
lurus-switch/app.go:106.2,106.15 1 0
lurus-switch/app.go:106.15,108.3 1 0
lurus-switch/app.go:110.2,111.31 2 0
lurus-switch/app.go:119.59,121.2 1 1
lurus-switch/app.go:124.75,125.20 1 1
lurus-switch/app.go:125.20,127.3 1 1
lurus-switch/app.go:128.2,128.43 1 1
lurus-switch/app.go:132.73,133.20 1 1
lurus-switch/app.go:133.20,135.3 1 1
lurus-switch/app.go:136.2,136.38 1 1
lurus-switch/app.go:140.52,141.20 1 1
lurus-switch/app.go:141.20,143.3 1 1
lurus-switch/app.go:144.2,144.37 1 1
lurus-switch/app.go:148.52,149.20 1 1
lurus-switch/app.go:149.20,151.3 1 1
lurus-switch/app.go:152.2,152.44 1 1
lurus-switch/app.go:156.88,158.2 1 1
lurus-switch/app.go:161.76,164.2 2 1
lurus-switch/app.go:167.74,171.16 2 0
lurus-switch/app.go:171.16,173.3 1 0
lurus-switch/app.go:174.2,174.15 1 0
lurus-switch/app.go:174.15,176.3 1 0
lurus-switch/app.go:178.2,179.31 2 0
lurus-switch/app.go:187.61,189.2 1 1
lurus-switch/app.go:192.77,193.20 1 1
lurus-switch/app.go:193.20,195.3 1 1
lurus-switch/app.go:196.2,196.44 1 1
lurus-switch/app.go:200.75,201.20 1 1
lurus-switch/app.go:201.20,203.3 1 1
lurus-switch/app.go:204.2,204.39 1 1
lurus-switch/app.go:208.53,209.20 1 1
lurus-switch/app.go:209.20,211.3 1 1
lurus-switch/app.go:212.2,212.38 1 1
lurus-switch/app.go:216.53,217.20 1 1
lurus-switch/app.go:217.20,219.3 1 1
lurus-switch/app.go:220.2,220.45 1 1
lurus-switch/app.go:224.90,226.2 1 1
lurus-switch/app.go:229.69,232.2 2 1
lurus-switch/app.go:235.78,239.16 2 0
lurus-switch/app.go:239.16,241.3 1 0
lurus-switch/app.go:242.2,242.15 1 0
lurus-switch/app.go:242.15,244.3 1 0
lurus-switch/app.go:246.2,247.34 2 0
lurus-switch/app.go:255.77,261.16 2 0
lurus-switch/app.go:261.16,263.3 1 0
lurus-switch/app.go:264.2,264.20 1 0
lurus-switch/app.go:264.20,266.3 1 0
lurus-switch/app.go:269.2,270.16 2 0
lurus-switch/app.go:270.16,272.3 1 0
lurus-switch/app.go:273.2,277.53 3 0
lurus-switch/app.go:277.53,279.3 1 0
lurus-switch/app.go:282.2,283.16 2 0
lurus-switch/app.go:283.16,285.3 1 0
lurus-switch/app.go:287.2,287.54 1 0
lurus-switch/app.go:287.54,289.3 1 0
lurus-switch/app.go:291.2,291.22 1 0
lurus-switch/app.go:295.67,296.19 1 0
lurus-switch/app.go:296.19,298.3 1 0
lurus-switch/app.go:300.2,301.16 2 0
lurus-switch/app.go:301.16,303.3 1 0
lurus-switch/app.go:305.2,305.35 1 0
lurus-switch/app.go:313.37,314.20 1 1
lurus-switch/app.go:314.20,316.3 1 1
lurus-switch/app.go:317.2,317.31 1 1
lurus-switch/app.go:321.37,322.20 1 1
lurus-switch/app.go:322.20,324.3 1 1
lurus-switch/app.go:325.2,326.27 2 0
lurus-switch/app.go:330.40,332.2 1 1
lurus-switch/app.go:335.41,337.2 1 1
lurus-switch/app.go:340.38,341.47 1 1
lurus-switch/app.go:341.47,343.3 1 0
lurus-switch/app.go:346.2,349.24 3 1
lurus-switch/app.go:350.17,352.43 2 1
lurus-switch/app.go:353.16,355.23 2 0
lurus-switch/app.go:356.10,358.23 2 0
lurus-switch/app.go:361.2,361.43 1 1
lurus-switch/main.go:14.13,33.16 3 0
lurus-switch/main.go:33.16,35.3 1 0
lurus-switch/internal/packager/bun_packager.go:18.45,20.16 2 1
lurus-switch/internal/packager/bun_packager.go:20.16,22.3 1 0
lurus-switch/internal/packager/bun_packager.go:23.2,23.44 1 1
lurus-switch/internal/packager/bun_packager.go:27.32,29.51 1 1
lurus-switch/internal/packager/bun_packager.go:29.51,31.3 1 0
lurus-switch/internal/packager/bun_packager.go:34.2,35.16 2 1
lurus-switch/internal/packager/bun_packager.go:35.16,37.3 1 0
lurus-switch/internal/packager/bun_packager.go:39.2,40.22 2 1
lurus-switch/internal/packager/bun_packager.go:41.17,45.4 1 1
lurus-switch/internal/packager/bun_packager.go:46.10,51.4 1 0
lurus-switch/internal/packager/bun_packager.go:54.2,54.39 1 1
lurus-switch/internal/packager/bun_packager.go:54.39,55.47 1 1
lurus-switch/internal/packager/bun_packager.go:55.47,57.4 1 1
lurus-switch/internal/packager/bun_packager.go:60.2,60.78 1 0
lurus-switch/internal/packager/bun_packager.go:64.67,67.16 2 0
lurus-switch/internal/packager/bun_packager.go:67.16,69.3 1 0
lurus-switch/internal/packager/bun_packager.go:70.2,75.80 4 0
lurus-switch/internal/packager/bun_packager.go:75.80,77.3 1 0
lurus-switch/internal/packager/bun_packager.go:80.2,87.103 2 0
lurus-switch/internal/packager/bun_packager.go:87.103,89.3 1 0
lurus-switch/internal/packager/bun_packager.go:92.2,95.18 3 0
lurus-switch/internal/packager/bun_packager.go:95.18,97.3 1 0
lurus-switch/internal/packager/bun_packager.go:97.8,99.3 1 0
lurus-switch/internal/packager/bun_packager.go:101.2,105.41 4 0
lurus-switch/internal/packager/bun_packager.go:105.41,107.3 1 0
lurus-switch/internal/packager/bun_packager.go:109.2,109.12 1 0
lurus-switch/internal/packager/bun_packager.go:113.64,163.2 2 1
lurus-switch/internal/packager/bun_packager.go:166.32,167.22 1 1
lurus-switch/internal/packager/bun_packager.go:168.17,169.32 1 1
lurus-switch/internal/packager/bun_packager.go:169.32,171.4 1 1
lurus-switch/internal/packager/bun_packager.go:172.3,172.12 1 0
lurus-switch/internal/packager/bun_packager.go:173.16,174.32 1 0
lurus-switch/internal/packager/bun_packager.go:174.32,176.4 1 0
lurus-switch/internal/packager/bun_packager.go:177.3,177.26 1 0
lurus-switch/internal/packager/bun_packager.go:178.15,179.32 1 0
lurus-switch/internal/packager/bun_packager.go:179.32,181.4 1 0
lurus-switch/internal/packager/bun_packager.go:182.3,182.25 1 0
lurus-switch/internal/packager/bun_packager.go:183.10,184.12 1 0
lurus-switch/internal/packager/bun_packager.go:189.43,191.2 1 1
lurus-switch/internal/packager/bun_packager.go:194.28,197.2 2 1
lurus-switch/internal/packager/node_packager.go:18.47,20.16 2 1
lurus-switch/internal/packager/node_packager.go:20.16,22.3 1 0
lurus-switch/internal/packager/node_packager.go:24.2,25.16 2 1
lurus-switch/internal/packager/node_packager.go:25.16,27.3 1 0
lurus-switch/internal/packager/node_packager.go:29.2,32.8 1 1
lurus-switch/internal/packager/node_packager.go:36.32,38.51 1 1
lurus-switch/internal/packager/node_packager.go:38.51,40.3 1 1
lurus-switch/internal/packager/node_packager.go:43.2,44.16 2 0
lurus-switch/internal/packager/node_packager.go:44.16,46.3 1 0
lurus-switch/internal/packager/node_packager.go:48.2,49.22 2 0
lurus-switch/internal/packager/node_packager.go:50.17,56.4 2 0
lurus-switch/internal/packager/node_packager.go:57.10,62.4 1 0
lurus-switch/internal/packager/node_packager.go:65.2,65.39 1 0
lurus-switch/internal/packager/node_packager.go:65.39,66.47 1 0
lurus-switch/internal/packager/node_packager.go:66.47,68.4 1 0
lurus-switch/internal/packager/node_packager.go:71.2,71.65 1 0
lurus-switch/internal/packager/node_packager.go:75.32,77.51 1 1
lurus-switch/internal/packager/node_packager.go:77.51,79.3 1 1
lurus-switch/internal/packager/node_packager.go:82.2,83.16 2 0
lurus-switch/internal/packager/node_packager.go:83.16,85.3 1 0
lurus-switch/internal/packager/node_packager.go:87.2,88.22 2 0
lurus-switch/internal/packager/node_packager.go:89.17,95.4 2 0
lurus-switch/internal/packager/node_packager.go:96.10,101.4 1 0
lurus-switch/internal/packager/node_packager.go:104.2,104.39 1 0
lurus-switch/internal/packager/node_packager.go:104.39,105.47 1 0
lurus-switch/internal/packager/node_packager.go:105.47,107.4 1 0
lurus-switch/internal/packager/node_packager.go:110.2,110.65 1 0
lurus-switch/internal/packager/node_packager.go:114.68,117.16 2 0
lurus-switch/internal/packager/node_packager.go:117.16,119.3 1 0
lurus-switch/internal/packager/node_packager.go:120.2,125.80 4 0
lurus-switch/internal/packager/node_packager.go:125.80,127.3 1 0
lurus-switch/internal/packager/node_packager.go:130.2,142.103 2 0
lurus-switch/internal/packager/node_packager.go:142.103,144.3 1 0
lurus-switch/internal/packager/node_packager.go:147.2,147.68 1 0
lurus-switch/internal/packager/node_packager.go:147.68,149.3 1 0
lurus-switch/internal/packager/node_packager.go:152.2,157.37 5 0
lurus-switch/internal/packager/node_packager.go:157.37,159.3 1 0
lurus-switch/internal/packager/node_packager.go:161.2,161.12 1 0
lurus-switch/internal/packager/node_packager.go:165.65,168.31 2 1
lurus-switch/internal/packager/node_packager.go:168.31,170.31 2 1
lurus-switch/internal/packager/node_packager.go:170.31,171.17 1 1
lurus-switch/internal/packager/node_packager.go:171.17,173.5 1 1
lurus-switch/internal/packager/node_packager.go:173.10,175.5 1 1
lurus-switch/internal/packager/node_packager.go:179.2,241.16 1 1
lurus-switch/internal/packager/node_packager.go:245.46,248.22 2 1
lurus-switch/internal/packager/node_packager.go:249.17,250.13 1 1
lurus-switch/internal/packager/node_packager.go:251.16,252.15 1 0
lurus-switch/internal/packager/node_packager.go:253.15,254.15 1 0
lurus-switch/internal/packager/node_packager.go:255.10,256.15 1 0
lurus-switch/internal/packager/node_packager.go:259.2,259.24 1 1
lurus-switch/internal/packager/node_packager.go:260.15,261.15 1 1
lurus-switch/internal/packager/node_packager.go:262.15,263.17 1 0
lurus-switch/internal/packager/node_packager.go:264.10,265.15 1 0
lurus-switch/internal/packager/node_packager.go:268.2,268.46 1 1
lurus-switch/internal/packager/node_packager.go:272.44,274.2 1 1
lurus-switch/internal/packager/node_packager.go:277.44,279.2 1 1
lurus-switch/internal/packager/node_packager.go:282.29,285.2 2 1
lurus-switch/internal/packager/rust_packager.go:32.47,34.16 2 1
lurus-switch/internal/packager/rust_packager.go:34.16,36.3 1 0
lurus-switch/internal/packager/rust_packager.go:37.2,37.47 1 1
lurus-switch/internal/packager/rust_packager.go:41.36,43.16 2 1
lurus-switch/internal/packager/rust_packager.go:43.16,45.3 1 0
lurus-switch/internal/packager/rust_packager.go:47.2,48.22 2 1
lurus-switch/internal/packager/rust_packager.go:49.17,50.79 1 1
lurus-switch/internal/packager/rust_packager.go:51.16,52.70 1 0
lurus-switch/internal/packager/rust_packager.go:53.10,55.21 2 0
lurus-switch/internal/packager/rust_packager.go:55.21,57.4 1 0
lurus-switch/internal/packager/rust_packager.go:58.3,58.53 1 0
lurus-switch/internal/packager/rust_packager.go:61.2,61.52 1 1
lurus-switch/internal/packager/rust_packager.go:61.52,63.3 1 0
lurus-switch/internal/packager/rust_packager.go:65.2,65.22 1 1
lurus-switch/internal/packager/rust_packager.go:69.70,72.21 2 1
lurus-switch/internal/packager/rust_packager.go:72.21,74.3 1 0
lurus-switch/internal/packager/rust_packager.go:77.2,78.47 2 1
lurus-switch/internal/packager/rust_packager.go:78.47,80.3 1 1
lurus-switch/internal/packager/rust_packager.go:83.2,84.25 2 0
lurus-switch/internal/packager/rust_packager.go:84.25,86.3 1 0
lurus-switch/internal/packager/rust_packager.go:88.2,89.16 2 0
lurus-switch/internal/packager/rust_packager.go:89.16,91.3 1 0
lurus-switch/internal/packager/rust_packager.go:92.2,94.38 2 0
lurus-switch/internal/packager/rust_packager.go:94.38,96.3 1 0
lurus-switch/internal/packager/rust_packager.go:98.2,99.68 2 0
lurus-switch/internal/packager/rust_packager.go:99.68,101.3 1 0
lurus-switch/internal/packager/rust_packager.go:104.2,105.39 2 0
lurus-switch/internal/packager/rust_packager.go:105.39,106.76 1 0
lurus-switch/internal/packager/rust_packager.go:106.76,108.9 2 0
lurus-switch/internal/packager/rust_packager.go:112.2,112.23 1 0
lurus-switch/internal/packager/rust_packager.go:112.23,114.3 1 0
lurus-switch/internal/packager/rust_packager.go:117.2,117.68 1 0
lurus-switch/internal/packager/rust_packager.go:117.68,119.3 1 0
lurus-switch/internal/packager/rust_packager.go:121.2,121.64 1 0
lurus-switch/internal/packager/rust_packager.go:121.64,123.3 1 0
lurus-switch/internal/packager/rust_packager.go:126.2,126.31 1 0
lurus-switch/internal/packager/rust_packager.go:126.31,127.52 1 0
lurus-switch/internal/packager/rust_packager.go:127.52,129.4 1 0
lurus-switch/internal/packager/rust_packager.go:132.2,132.24 1 0
lurus-switch/internal/packager/rust_packager.go:136.46,137.22 1 1
lurus-switch/internal/packager/rust_packager.go:138.17,139.32 1 1
lurus-switch/internal/packager/rust_packager.go:139.32,141.4 1 1
lurus-switch/internal/packager/rust_packager.go:142.16,143.32 1 0
lurus-switch/internal/packager/rust_packager.go:143.32,145.4 1 0
lurus-switch/internal/packager/rust_packager.go:146.3,146.28 1 0
lurus-switch/internal/packager/rust_packager.go:147.15,148.32 1 0
lurus-switch/internal/packager/rust_packager.go:148.32,150.4 1 0
lurus-switch/internal/packager/rust_packager.go:151.3,151.27 1 0
lurus-switch/internal/packager/rust_packager.go:153.2,153.11 1 0
lurus-switch/internal/packager/rust_packager.go:157.55,161.22 2 1
lurus-switch/internal/packager/rust_packager.go:162.17,163.75 1 1
lurus-switch/internal/packager/rust_packager.go:163.75,165.4 1 1
lurus-switch/internal/packager/rust_packager.go:166.16,167.112 1 0
lurus-switch/internal/packager/rust_packager.go:167.112,169.4 1 0
lurus-switch/internal/packager/rust_packager.go:170.15,171.39 1 0
lurus-switch/internal/packager/rust_packager.go:171.39,173.4 1 0
lurus-switch/internal/packager/rust_packager.go:174.10,175.15 1 0
lurus-switch/internal/packager/rust_packager.go:179.2,179.24 1 1
lurus-switch/internal/packager/rust_packager.go:180.15,181.110 1 1
lurus-switch/internal/packager/rust_packager.go:182.15,183.78 1 0
lurus-switch/internal/packager/rust_packager.go:186.2,186.14 1 0
lurus-switch/internal/packager/rust_packager.go:190.65,192.16 2 1
lurus-switch/internal/packager/rust_packager.go:192.16,194.3 1 1
lurus-switch/internal/packager/rust_packager.go:195.2,197.38 2 1
lurus-switch/internal/packager/rust_packager.go:197.38,199.3 1 1
lurus-switch/internal/packager/rust_packager.go:201.2,202.16 2 1
lurus-switch/internal/packager/rust_packager.go:202.16,204.3 1 1
lurus-switch/internal/packager/rust_packager.go:205.2,207.51 2 1
lurus-switch/internal/packager/rust_packager.go:207.51,209.3 1 0
lurus-switch/internal/packager/rust_packager.go:211.2,211.12 1 1
lurus-switch/internal/packager/rust_packager.go:215.93,218.16 2 1
lurus-switch/internal/packager/rust_packager.go:218.16,220.3 1 0
lurus-switch/internal/packager/rust_packager.go:222.2,222.53 1 1
lurus-switch/internal/packager/rust_packager.go:222.53,224.3 1 0
lurus-switch/internal/packager/rust_packager.go:227.2,228.59 2 1
lurus-switch/internal/packager/rust_packager.go:228.59,230.3 1 0
lurus-switch/internal/packager/rust_packager.go:232.2,232.24 1 1
lurus-switch/internal/packager/rust_packager.go:236.56,238.16 2 1
lurus-switch/internal/packager/rust_packager.go:238.16,240.3 1 1
lurus-switch/internal/packager/rust_packager.go:241.2,244.16 3 1
lurus-switch/internal/packager/rust_packager.go:244.16,246.3 1 0
lurus-switch/internal/packager/rust_packager.go:247.2,249.53 2 1
lurus-switch/internal/packager/rust_packager.go:249.53,251.3 1 0
lurus-switch/internal/packager/rust_packager.go:254.2,254.31 1 1
lurus-switch/internal/packager/rust_packager.go:254.31,256.17 2 0
lurus-switch/internal/packager/rust_packager.go:256.17,258.4 1 0
lurus-switch/internal/packager/rust_packager.go:261.2,261.12 1 1
lurus-switch/internal/packager/rust_packager.go:265.45,267.2 1 1
